This is XeTeX, Version 3.14159265-2.6-0.99996 (TeX Live 2016/Debian) (preloaded format=xelatex 2018.11.23)  26 OCT 2020 15:01
entering extended mode
 restricted \write18 enabled.
 %&-line parsing enabled.
**main.tex
(./main.tex
LaTeX2e <2017/01/01> patch level 3
Babel <3.9r> and hyphenation patterns for 83 language(s) loaded.
(/usr/share/texlive/texmf-dist/tex/latex/base/report.cls
Document Class: report 2014/09/29 v1.4h Standard LaTeX document class
(/usr/share/texlive/texmf-dist/tex/latex/base/size12.clo
File: size12.clo 2014/09/29 v1.4h Standard LaTeX file (size option)
)
\c@part=\count79
\c@chapter=\count80
\c@section=\count81
\c@subsection=\count82
\c@subsubsection=\count83
\c@paragraph=\count84
\c@subparagraph=\count85
\c@figure=\count86
\c@table=\count87
\abovecaptionskip=\skip41
\belowcaptionskip=\skip42
\bibindent=\dimen102
)
(/usr/share/texlive/texmf-dist/tex/latex/base/fontenc.sty
Package: fontenc 2017/02/22 v2.0g Standard LaTeX package

(/usr/share/texlive/texmf-dist/tex/latex/base/t1enc.def
File: t1enc.def 2017/02/22 v2.0g Standard LaTeX file
LaTeX Font Info:    Redeclaring font encoding T1 on input line 48.
)
LaTeX Font Info:    Try loading font information for T1+lmr on input line 105.

(/usr/share/texmf/tex/latex/lm/t1lmr.fd
File: t1lmr.fd 2009/10/30 v1.6 Font defs for Latin Modern
))
(/usr/share/texlive/texmf-dist/tex/latex/base/inputenc.sty
Package: inputenc 2015/03/17 v1.2c Input encoding file
\inpenc@prehook=\toks14
\inpenc@posthook=\toks15


Package inputenc Warning: inputenc package ignored with utf8 based engines.

) (/usr/share/texlive/texmf-dist/tex/latex/fancyhdr/fancyhdr.sty
Package: fancyhdr 2016/09/06 3.8 Extensive control of page headers and footers
\fancy@headwidth=\skip43
\f@ncyO@elh=\skip44
\f@ncyO@erh=\skip45
\f@ncyO@olh=\skip46
\f@ncyO@orh=\skip47
\f@ncyO@elf=\skip48
\f@ncyO@erf=\skip49
\f@ncyO@olf=\skip50
\f@ncyO@orf=\skip51
)
(/usr/share/texlive/texmf-dist/tex/latex/graphics/graphicx.sty
Package: graphicx 2014/10/28 v1.0g Enhanced LaTeX Graphics (DPC,SPQR)

(/usr/share/texlive/texmf-dist/tex/latex/graphics/keyval.sty
Package: keyval 2014/10/28 v1.15 key=value parser (DPC)
\KV@toks@=\toks16
)
(/usr/share/texlive/texmf-dist/tex/latex/graphics/graphics.sty
Package: graphics 2016/10/09 v1.0u Standard LaTeX Graphics (DPC,SPQR)

(/usr/share/texlive/texmf-dist/tex/latex/graphics/trig.sty
Package: trig 2016/01/03 v1.10 sin cos tan (DPC)
)
(/usr/share/texlive/texmf-dist/tex/latex/graphics-cfg/graphics.cfg
File: graphics.cfg 2016/06/04 v1.11 sample graphics configuration
)
Package graphics Info: Driver file: xetex.def on input line 99.

(/usr/share/texlive/texmf-dist/tex/latex/graphics-def/xetex.def
File: xetex.def 2016/07/11 v4.10 LaTeX color/graphics driver for XeTeX (L3/RRM/
JK)
))
\Gin@req@height=\dimen103
\Gin@req@width=\dimen104
)
(/usr/share/texlive/texmf-dist/tex/latex/pgfplots/pgfplots.sty
(/usr/share/texlive/texmf-dist/tex/generic/pgfplots/pgfplots.revision.tex)
Package: pgfplots 2016/08/10 v1.14 Data Visualization (1.14)

(/usr/share/texlive/texmf-dist/tex/latex/pgf/frontendlayer/tikz.sty
(/usr/share/texlive/texmf-dist/tex/latex/pgf/basiclayer/pgf.sty
(/usr/share/texlive/texmf-dist/tex/latex/pgf/utilities/pgfrcs.sty
(/usr/share/texlive/texmf-dist/tex/generic/pgf/utilities/pgfutil-common.tex
\pgfutil@everybye=\toks17
\pgfutil@tempdima=\dimen105
\pgfutil@tempdimb=\dimen106

(/usr/share/texlive/texmf-dist/tex/generic/pgf/utilities/pgfutil-common-lists.t
ex)) (/usr/share/texlive/texmf-dist/tex/generic/pgf/utilities/pgfutil-latex.def
\pgfutil@abb=\box26
(/usr/share/texlive/texmf-dist/tex/latex/ms/everyshi.sty
Package: everyshi 2001/05/15 v3.00 EveryShipout Package (MS)
))
(/usr/share/texlive/texmf-dist/tex/generic/pgf/utilities/pgfrcs.code.tex
Package: pgfrcs 2015/08/07 v3.0.1a (rcs-revision 1.31)
))
Package: pgf 2015/08/07 v3.0.1a (rcs-revision 1.15)

(/usr/share/texlive/texmf-dist/tex/latex/pgf/basiclayer/pgfcore.sty
(/usr/share/texlive/texmf-dist/tex/latex/pgf/systemlayer/pgfsys.sty
(/usr/share/texlive/texmf-dist/tex/generic/pgf/systemlayer/pgfsys.code.tex
Package: pgfsys 2014/07/09 v3.0.1a (rcs-revision 1.48)

(/usr/share/texlive/texmf-dist/tex/generic/pgf/utilities/pgfkeys.code.tex
\pgfkeys@pathtoks=\toks18
\pgfkeys@temptoks=\toks19

(/usr/share/texlive/texmf-dist/tex/generic/pgf/utilities/pgfkeysfiltered.code.t
ex
\pgfkeys@tmptoks=\toks20
))
\pgf@x=\dimen107
\pgf@y=\dimen108
\pgf@xa=\dimen109
\pgf@ya=\dimen110
\pgf@xb=\dimen111
\pgf@yb=\dimen112
\pgf@xc=\dimen113
\pgf@yc=\dimen114
\w@pgf@writea=\write3
\r@pgf@reada=\read1
\c@pgf@counta=\count88
\c@pgf@countb=\count89
\c@pgf@countc=\count90
\c@pgf@countd=\count91
\t@pgf@toka=\toks21
\t@pgf@tokb=\toks22
\t@pgf@tokc=\toks23
 (/usr/share/texlive/texmf-dist/tex/generic/pgf/systemlayer/pgf.cfg
File: pgf.cfg 2008/05/14  (rcs-revision 1.7)
)
Driver file for pgf: pgfsys-xetex.def

(/usr/share/texlive/texmf-dist/tex/generic/pgf/systemlayer/pgfsys-xetex.def
File: pgfsys-xetex.def 2014/07/09  (rcs-revision 1.11)

(/usr/share/texlive/texmf-dist/tex/generic/pgf/systemlayer/pgfsys-dvipdfmx.def
File: pgfsys-dvipdfmx.def 2014/07/09  (rcs-revision 1.14)

(/usr/share/texlive/texmf-dist/tex/generic/pgf/systemlayer/pgfsys-common-pdf.de
f
File: pgfsys-common-pdf.def 2013/10/10  (rcs-revision 1.13)
)
\pgfsys@objnum=\count92
)))
(/usr/share/texlive/texmf-dist/tex/generic/pgf/systemlayer/pgfsyssoftpath.code.
tex
File: pgfsyssoftpath.code.tex 2013/09/09  (rcs-revision 1.9)
\pgfsyssoftpath@smallbuffer@items=\count93
\pgfsyssoftpath@bigbuffer@items=\count94
)
(/usr/share/texlive/texmf-dist/tex/generic/pgf/systemlayer/pgfsysprotocol.code.
tex
File: pgfsysprotocol.code.tex 2006/10/16  (rcs-revision 1.4)
)) (/usr/share/texlive/texmf-dist/tex/latex/xcolor/xcolor.sty
Package: xcolor 2016/05/11 v2.12 LaTeX color extensions (UK)

(/usr/share/texlive/texmf-dist/tex/latex/graphics-cfg/color.cfg
File: color.cfg 2016/01/02 v1.6 sample color configuration
)
Package xcolor Info: Driver file: xetex.def on input line 225.
Package xcolor Info: Model `cmy' substituted by `cmy0' on input line 1348.
Package xcolor Info: Model `RGB' extended on input line 1364.
Package xcolor Info: Model `HTML' substituted by `rgb' on input line 1366.
Package xcolor Info: Model `Hsb' substituted by `hsb' on input line 1367.
Package xcolor Info: Model `tHsb' substituted by `hsb' on input line 1368.
Package xcolor Info: Model `HSB' substituted by `hsb' on input line 1369.
Package xcolor Info: Model `Gray' substituted by `gray' on input line 1370.
Package xcolor Info: Model `wave' substituted by `hsb' on input line 1371.
)
(/usr/share/texlive/texmf-dist/tex/generic/pgf/basiclayer/pgfcore.code.tex
Package: pgfcore 2010/04/11 v3.0.1a (rcs-revision 1.7)

(/usr/share/texlive/texmf-dist/tex/generic/pgf/math/pgfmath.code.tex
(/usr/share/texlive/texmf-dist/tex/generic/pgf/math/pgfmathcalc.code.tex
(/usr/share/texlive/texmf-dist/tex/generic/pgf/math/pgfmathutil.code.tex)
(/usr/share/texlive/texmf-dist/tex/generic/pgf/math/pgfmathparser.code.tex
\pgfmath@dimen=\dimen115
\pgfmath@count=\count95
\pgfmath@box=\box27
\pgfmath@toks=\toks24
\pgfmath@stack@operand=\toks25
\pgfmath@stack@operation=\toks26
)
(/usr/share/texlive/texmf-dist/tex/generic/pgf/math/pgfmathfunctions.code.tex
(/usr/share/texlive/texmf-dist/tex/generic/pgf/math/pgfmathfunctions.basic.code
.tex)
(/usr/share/texlive/texmf-dist/tex/generic/pgf/math/pgfmathfunctions.trigonomet
ric.code.tex)
(/usr/share/texlive/texmf-dist/tex/generic/pgf/math/pgfmathfunctions.random.cod
e.tex)
(/usr/share/texlive/texmf-dist/tex/generic/pgf/math/pgfmathfunctions.comparison
.code.tex)
(/usr/share/texlive/texmf-dist/tex/generic/pgf/math/pgfmathfunctions.base.code.
tex)
(/usr/share/texlive/texmf-dist/tex/generic/pgf/math/pgfmathfunctions.round.code
.tex)
(/usr/share/texlive/texmf-dist/tex/generic/pgf/math/pgfmathfunctions.misc.code.
tex)
(/usr/share/texlive/texmf-dist/tex/generic/pgf/math/pgfmathfunctions.integerari
thmetics.code.tex)))
(/usr/share/texlive/texmf-dist/tex/generic/pgf/math/pgfmathfloat.code.tex
\c@pgfmathroundto@lastzeros=\count96
))
(/usr/share/texlive/texmf-dist/tex/generic/pgf/basiclayer/pgfcorepoints.code.te
x
File: pgfcorepoints.code.tex 2013/10/07  (rcs-revision 1.27)
\pgf@picminx=\dimen116
\pgf@picmaxx=\dimen117
\pgf@picminy=\dimen118
\pgf@picmaxy=\dimen119
\pgf@pathminx=\dimen120
\pgf@pathmaxx=\dimen121
\pgf@pathminy=\dimen122
\pgf@pathmaxy=\dimen123
\pgf@xx=\dimen124
\pgf@xy=\dimen125
\pgf@yx=\dimen126
\pgf@yy=\dimen127
\pgf@zx=\dimen128
\pgf@zy=\dimen129
)
(/usr/share/texlive/texmf-dist/tex/generic/pgf/basiclayer/pgfcorepathconstruct.
code.tex
File: pgfcorepathconstruct.code.tex 2013/10/07  (rcs-revision 1.29)
\pgf@path@lastx=\dimen130
\pgf@path@lasty=\dimen131
)
(/usr/share/texlive/texmf-dist/tex/generic/pgf/basiclayer/pgfcorepathusage.code
.tex
File: pgfcorepathusage.code.tex 2014/11/02  (rcs-revision 1.24)
\pgf@shorten@end@additional=\dimen132
\pgf@shorten@start@additional=\dimen133
)
(/usr/share/texlive/texmf-dist/tex/generic/pgf/basiclayer/pgfcorescopes.code.te
x
File: pgfcorescopes.code.tex 2015/05/08  (rcs-revision 1.46)
\pgfpic=\box28
\pgf@hbox=\box29
\pgf@layerbox@main=\box30
\pgf@picture@serial@count=\count97
)
(/usr/share/texlive/texmf-dist/tex/generic/pgf/basiclayer/pgfcoregraphicstate.c
ode.tex
File: pgfcoregraphicstate.code.tex 2014/11/02  (rcs-revision 1.12)
\pgflinewidth=\dimen134
)
(/usr/share/texlive/texmf-dist/tex/generic/pgf/basiclayer/pgfcoretransformation
s.code.tex
File: pgfcoretransformations.code.tex 2015/08/07  (rcs-revision 1.20)
\pgf@pt@x=\dimen135
\pgf@pt@y=\dimen136
\pgf@pt@temp=\dimen137
)
(/usr/share/texlive/texmf-dist/tex/generic/pgf/basiclayer/pgfcorequick.code.tex
File: pgfcorequick.code.tex 2008/10/09  (rcs-revision 1.3)
)
(/usr/share/texlive/texmf-dist/tex/generic/pgf/basiclayer/pgfcoreobjects.code.t
ex
File: pgfcoreobjects.code.tex 2006/10/11  (rcs-revision 1.2)
)
(/usr/share/texlive/texmf-dist/tex/generic/pgf/basiclayer/pgfcorepathprocessing
.code.tex
File: pgfcorepathprocessing.code.tex 2013/09/09  (rcs-revision 1.9)
)
(/usr/share/texlive/texmf-dist/tex/generic/pgf/basiclayer/pgfcorearrows.code.te
x
File: pgfcorearrows.code.tex 2015/05/14  (rcs-revision 1.43)
\pgfarrowsep=\dimen138
)
(/usr/share/texlive/texmf-dist/tex/generic/pgf/basiclayer/pgfcoreshade.code.tex
File: pgfcoreshade.code.tex 2013/07/15  (rcs-revision 1.15)
\pgf@max=\dimen139
\pgf@sys@shading@range@num=\count98
)
(/usr/share/texlive/texmf-dist/tex/generic/pgf/basiclayer/pgfcoreimage.code.tex
File: pgfcoreimage.code.tex 2013/07/15  (rcs-revision 1.18)

(/usr/share/texlive/texmf-dist/tex/generic/pgf/basiclayer/pgfcoreexternal.code.
tex
File: pgfcoreexternal.code.tex 2014/07/09  (rcs-revision 1.21)
\pgfexternal@startupbox=\box31
))
(/usr/share/texlive/texmf-dist/tex/generic/pgf/basiclayer/pgfcorelayers.code.te
x
File: pgfcorelayers.code.tex 2013/07/18  (rcs-revision 1.7)
)
(/usr/share/texlive/texmf-dist/tex/generic/pgf/basiclayer/pgfcoretransparency.c
ode.tex
File: pgfcoretransparency.code.tex 2013/09/30  (rcs-revision 1.5)
)
(/usr/share/texlive/texmf-dist/tex/generic/pgf/basiclayer/pgfcorepatterns.code.
tex
File: pgfcorepatterns.code.tex 2013/11/07  (rcs-revision 1.5)
)))
(/usr/share/texlive/texmf-dist/tex/generic/pgf/modules/pgfmoduleshapes.code.tex
File: pgfmoduleshapes.code.tex 2014/03/21  (rcs-revision 1.35)
\pgfnodeparttextbox=\box32
) (/usr/share/texlive/texmf-dist/tex/generic/pgf/modules/pgfmoduleplot.code.tex
File: pgfmoduleplot.code.tex 2015/08/03  (rcs-revision 1.13)
)
(/usr/share/texlive/texmf-dist/tex/latex/pgf/compatibility/pgfcomp-version-0-65
.sty
Package: pgfcomp-version-0-65 2007/07/03 v3.0.1a (rcs-revision 1.7)
\pgf@nodesepstart=\dimen140
\pgf@nodesepend=\dimen141
)
(/usr/share/texlive/texmf-dist/tex/latex/pgf/compatibility/pgfcomp-version-1-18
.sty
Package: pgfcomp-version-1-18 2007/07/23 v3.0.1a (rcs-revision 1.1)
)) (/usr/share/texlive/texmf-dist/tex/latex/pgf/utilities/pgffor.sty
(/usr/share/texlive/texmf-dist/tex/latex/pgf/utilities/pgfkeys.sty
(/usr/share/texlive/texmf-dist/tex/generic/pgf/utilities/pgfkeys.code.tex))
(/usr/share/texlive/texmf-dist/tex/latex/pgf/math/pgfmath.sty
(/usr/share/texlive/texmf-dist/tex/generic/pgf/math/pgfmath.code.tex))
(/usr/share/texlive/texmf-dist/tex/generic/pgf/utilities/pgffor.code.tex
Package: pgffor 2013/12/13 v3.0.1a (rcs-revision 1.25)

(/usr/share/texlive/texmf-dist/tex/generic/pgf/math/pgfmath.code.tex)
\pgffor@iter=\dimen142
\pgffor@skip=\dimen143
\pgffor@stack=\toks27
\pgffor@toks=\toks28
))
(/usr/share/texlive/texmf-dist/tex/generic/pgf/frontendlayer/tikz/tikz.code.tex
Package: tikz 2015/08/07 v3.0.1a (rcs-revision 1.151)

(/usr/share/texlive/texmf-dist/tex/generic/pgf/libraries/pgflibraryplothandlers
.code.tex
File: pgflibraryplothandlers.code.tex 2013/08/31 v3.0.1a (rcs-revision 1.20)
\pgf@plot@mark@count=\count99
\pgfplotmarksize=\dimen144
)
\tikz@lastx=\dimen145
\tikz@lasty=\dimen146
\tikz@lastxsaved=\dimen147
\tikz@lastysaved=\dimen148
\tikzleveldistance=\dimen149
\tikzsiblingdistance=\dimen150
\tikz@figbox=\box33
\tikz@figbox@bg=\box34
\tikz@tempbox=\box35
\tikz@tempbox@bg=\box36
\tikztreelevel=\count100
\tikznumberofchildren=\count101
\tikznumberofcurrentchild=\count102
\tikz@fig@count=\count103

(/usr/share/texlive/texmf-dist/tex/generic/pgf/modules/pgfmodulematrix.code.tex
File: pgfmodulematrix.code.tex 2013/09/17  (rcs-revision 1.8)
\pgfmatrixcurrentrow=\count104
\pgfmatrixcurrentcolumn=\count105
\pgf@matrix@numberofcolumns=\count106
)
\tikz@expandcount=\count107

(/usr/share/texlive/texmf-dist/tex/generic/pgf/frontendlayer/tikz/libraries/tik
zlibrarytopaths.code.tex
File: tikzlibrarytopaths.code.tex 2008/06/17 v3.0.1a (rcs-revision 1.2)
)))
(/usr/share/texlive/texmf-dist/tex/generic/pgfplots/pgfplots.code.tex
(/usr/share/texlive/texmf-dist/tex/generic/pgfplots/pgfplotscore.code.tex
\t@pgfplots@toka=\toks29
\t@pgfplots@tokb=\toks30
\t@pgfplots@tokc=\toks31
\pgfplots@tmpa=\dimen151
\c@pgfplots@coordindex=\count108
\c@pgfplots@scanlineindex=\count109

(/usr/share/texlive/texmf-dist/tex/generic/pgfplots/sys/pgfplotssysgeneric.code
.tex))
(/usr/share/texlive/texmf-dist/tex/generic/pgfplots/libs/pgfplotslibrary.code.t
ex)
(/usr/share/texlive/texmf-dist/tex/generic/pgfplots/oldpgfcompatib/pgfplotsoldp
gfsupp_loader.code.tex
(/usr/share/texlive/texmf-dist/tex/generic/pgf/libraries/pgflibraryfpu.code.tex
)
Package pgfplots: loading complementary arithmetics for your pgf version...

(/usr/share/texlive/texmf-dist/tex/generic/pgfplots/oldpgfcompatib/pgfplotsoldp
gfsupp_pgflibraryfpu.code.tex)
(/usr/share/texlive/texmf-dist/tex/generic/pgfplots/oldpgfcompatib/pgfplotsoldp
gfsupp_pgfmathfloat.code.tex
\c@pgfmathroundto@lastzeros=\count110
))
(/usr/share/texlive/texmf-dist/tex/generic/pgfplots/util/pgfplotsutil.code.tex
(/usr/share/texlive/texmf-dist/tex/generic/pgfplots/liststructure/pgfplotslists
tructure.code.tex)
(/usr/share/texlive/texmf-dist/tex/generic/pgfplots/liststructure/pgfplotslists
tructureext.code.tex)
(/usr/share/texlive/texmf-dist/tex/generic/pgfplots/liststructure/pgfplotsarray
.code.tex
\c@pgfplotsarray@tmp=\count111
)
(/usr/share/texlive/texmf-dist/tex/generic/pgfplots/liststructure/pgfplotsmatri
x.code.tex)
(/usr/share/texlive/texmf-dist/tex/generic/pgfplots/numtable/pgfplotstableshare
d.code.tex
\c@pgfplotstable@counta=\count112
\t@pgfplotstable@a=\toks32
)
(/usr/share/texlive/texmf-dist/tex/generic/pgfplots/liststructure/pgfplotsdeque
.code.tex)
(/usr/share/texlive/texmf-dist/tex/generic/pgfplots/util/pgfplotsbinary.code.te
x
(/usr/share/texlive/texmf-dist/tex/generic/pgfplots/util/pgfplotsbinary.data.co
de.tex))
(/usr/share/texlive/texmf-dist/tex/generic/pgfplots/util/pgfplotsutil.verb.code
.tex)
(/usr/share/texlive/texmf-dist/tex/generic/pgfplots/libs/pgflibrarypgfplots.sur
fshading.code.tex
\c@pgfplotslibrarysurf@no=\count113

(/usr/share/texlive/texmf-dist/tex/generic/pgfplots/sys/pgflibrarypgfplots.surf
shading.pgfsys-xetex.def
(/usr/share/texlive/texmf-dist/tex/generic/pgfplots/sys/pgflibrarypgfplots.surf
shading.pgfsys-dvipdfmx.def
\c@pgfplotslibrarysurf@streamlen=\count114
))))
(/usr/share/texlive/texmf-dist/tex/generic/pgfplots/util/pgfplotscolormap.code.
tex
(/usr/share/texlive/texmf-dist/tex/generic/pgfplots/util/pgfplotscolor.code.tex
))
(/usr/share/texlive/texmf-dist/tex/generic/pgfplots/pgfplotsstackedplots.code.t
ex)
(/usr/share/texlive/texmf-dist/tex/generic/pgfplots/pgfplotsplothandlers.code.t
ex
(/usr/share/texlive/texmf-dist/tex/generic/pgfplots/pgfplotsmeshplothandler.cod
e.tex
(/usr/share/texlive/texmf-dist/tex/generic/pgfplots/pgfplotsmeshplotimage.code.
tex)))
(/usr/share/texlive/texmf-dist/tex/generic/pgfplots/pgfplots.scaling.code.tex)
(/usr/share/texlive/texmf-dist/tex/generic/pgfplots/pgfplotscoordprocessing.cod
e.tex)
(/usr/share/texlive/texmf-dist/tex/generic/pgfplots/pgfplots.errorbars.code.tex
) (/usr/share/texlive/texmf-dist/tex/generic/pgfplots/pgfplots.markers.code.tex
) (/usr/share/texlive/texmf-dist/tex/generic/pgfplots/pgfplotsticks.code.tex)
(/usr/share/texlive/texmf-dist/tex/generic/pgfplots/pgfplots.paths.code.tex)
(/usr/share/texlive/texmf-dist/tex/generic/pgf/frontendlayer/tikz/libraries/tik
zlibrarydecorations.code.tex
(/usr/share/texlive/texmf-dist/tex/generic/pgf/modules/pgfmoduledecorations.cod
e.tex
\pgfdecoratedcompleteddistance=\dimen152
\pgfdecoratedremainingdistance=\dimen153
\pgfdecoratedinputsegmentcompleteddistance=\dimen154
\pgfdecoratedinputsegmentremainingdistance=\dimen155
\pgf@decorate@distancetomove=\dimen156
\pgf@decorate@repeatstate=\count115
\pgfdecorationsegmentamplitude=\dimen157
\pgfdecorationsegmentlength=\dimen158
)
\tikz@lib@dec@box=\box37
)
(/usr/share/texlive/texmf-dist/tex/generic/pgf/frontendlayer/tikz/libraries/tik
zlibrarydecorations.pathmorphing.code.tex
(/usr/share/texlive/texmf-dist/tex/generic/pgf/libraries/decorations/pgflibrary
decorations.pathmorphing.code.tex))
(/usr/share/texlive/texmf-dist/tex/generic/pgf/frontendlayer/tikz/libraries/tik
zlibrarydecorations.pathreplacing.code.tex
(/usr/share/texlive/texmf-dist/tex/generic/pgf/libraries/decorations/pgflibrary
decorations.pathreplacing.code.tex))
\pgfplots@numplots=\count116
\pgfplots@xmin@reg=\dimen159
\pgfplots@xmax@reg=\dimen160
\pgfplots@ymin@reg=\dimen161
\pgfplots@ymax@reg=\dimen162
\pgfplots@zmin@reg=\dimen163
\pgfplots@zmax@reg=\dimen164
)
(/usr/share/texlive/texmf-dist/tex/generic/pgf/frontendlayer/tikz/libraries/tik
zlibraryplotmarks.code.tex
File: tikzlibraryplotmarks.code.tex 2008/01/09 v3.0.1a (rcs-revision 1.1)

(/usr/share/texlive/texmf-dist/tex/generic/pgf/libraries/pgflibraryplotmarks.co
de.tex
File: pgflibraryplotmarks.code.tex 2015/08/03 v3.0.1a (rcs-revision 1.14)
))) (/usr/share/texlive/texmf-dist/tex/latex/amsmath/amsmath.sty
Package: amsmath 2016/11/05 v2.16a AMS math features
\@mathmargin=\skip52

For additional information on amsmath, use the `?' option.
(/usr/share/texlive/texmf-dist/tex/latex/amsmath/amstext.sty
Package: amstext 2000/06/29 v2.01 AMS text

(/usr/share/texlive/texmf-dist/tex/latex/amsmath/amsgen.sty
File: amsgen.sty 1999/11/30 v2.0 generic functions
\@emptytoks=\toks33
\ex@=\dimen165
))
(/usr/share/texlive/texmf-dist/tex/latex/amsmath/amsbsy.sty
Package: amsbsy 1999/11/29 v1.2d Bold Symbols
\pmbraise@=\dimen166
)
(/usr/share/texlive/texmf-dist/tex/latex/amsmath/amsopn.sty
Package: amsopn 2016/03/08 v2.02 operator names
)
\inf@bad=\count117
LaTeX Info: Redefining \frac on input line 213.
\uproot@=\count118
\leftroot@=\count119
LaTeX Info: Redefining \overline on input line 375.
\classnum@=\count120
\DOTSCASE@=\count121
LaTeX Info: Redefining \ldots on input line 472.
LaTeX Info: Redefining \dots on input line 475.
LaTeX Info: Redefining \cdots on input line 596.
\Mathstrutbox@=\box38
\strutbox@=\box39
\big@size=\dimen167
LaTeX Font Info:    Redeclaring font encoding OML on input line 712.
LaTeX Font Info:    Redeclaring font encoding OMS on input line 713.
\macc@depth=\count122
\c@MaxMatrixCols=\count123
\dotsspace@=\muskip10
\c@parentequation=\count124
\dspbrk@lvl=\count125
\tag@help=\toks34
\row@=\count126
\column@=\count127
\maxfields@=\count128
\andhelp@=\toks35
\eqnshift@=\dimen168
\alignsep@=\dimen169
\tagshift@=\dimen170
\tagwidth@=\dimen171
\totwidth@=\dimen172
\lineht@=\dimen173
\@envbody=\toks36
\multlinegap=\skip53
\multlinetaggap=\skip54
\mathdisplay@stack=\toks37
LaTeX Info: Redefining \[ on input line 2817.
LaTeX Info: Redefining \] on input line 2818.
)
(/usr/share/texlive/texmf-dist/tex/latex/amsfonts/amsfonts.sty
Package: amsfonts 2013/01/14 v3.01 Basic AMSFonts support
\symAMSa=\mathgroup4
\symAMSb=\mathgroup5
LaTeX Font Info:    Overwriting math alphabet `\mathfrak' in version `bold'
(Font)                  U/euf/m/n --> U/euf/b/n on input line 106.
)
(/usr/share/texlive/texmf-dist/tex/latex/import/import.sty
Package: import 2009/03/23  v 5.1
)
(/usr/share/texlive/texmf-dist/tex/latex/caption/subcaption.sty
Package: subcaption 2016/05/22 v1.1-161 Sub-captions (AR)

(/usr/share/texlive/texmf-dist/tex/latex/caption/caption.sty
Package: caption 2016/02/21 v3.3-144 Customizing captions (AR)

(/usr/share/texlive/texmf-dist/tex/latex/caption/caption3.sty
Package: caption3 2016/05/22 v1.7-166 caption3 kernel (AR)
Package caption3 Info: TeX engine: e-TeX on input line 67.
\captionmargin=\dimen174
\captionmargin@=\dimen175
\captionwidth=\dimen176
\caption@tempdima=\dimen177
\caption@indent=\dimen178
\caption@parindent=\dimen179
\caption@hangindent=\dimen180
)
\c@ContinuedFloat=\count129
)
\c@subfigure=\count130
\c@subtable=\count131
)
(/usr/share/texlive/texmf-dist/tex/latex/biblatex/biblatex.sty
Package: biblatex 2016/12/05 v3.7 programmable bibliographies (PK/JW/AB)

(/usr/share/texlive/texmf-dist/tex/generic/oberdiek/pdftexcmds.sty
Package: pdftexcmds 2016/05/21 v0.22 Utility functions of pdfTeX for LuaTeX (HO
)

(/usr/share/texlive/texmf-dist/tex/generic/oberdiek/infwarerr.sty
Package: infwarerr 2016/05/16 v1.4 Providing info/warning/error messages (HO)
)
(/usr/share/texlive/texmf-dist/tex/generic/oberdiek/ifluatex.sty
Package: ifluatex 2016/05/16 v1.4 Provides the ifluatex switch (HO)
Package ifluatex Info: LuaTeX not detected.
)
(/usr/share/texlive/texmf-dist/tex/generic/oberdiek/ltxcmds.sty
Package: ltxcmds 2016/05/16 v1.23 LaTeX kernel commands for general use (HO)
)
(/usr/share/texlive/texmf-dist/tex/generic/oberdiek/ifpdf.sty
Package: ifpdf 2016/05/14 v3.1 Provides the ifpdf switch
)
Package pdftexcmds Info: LuaTeX not detected.
Package pdftexcmds Info: pdfTeX >= 1.30 not detected.
Package pdftexcmds Info: \pdf@primitive is available.
Package pdftexcmds Info: \pdf@ifprimitive is available.
Package pdftexcmds Info: \pdfdraftmode not found.
)
(/usr/share/texlive/texmf-dist/tex/latex/etoolbox/etoolbox.sty
Package: etoolbox 2017/01/02 v2.4 e-TeX tools for LaTeX (JAW)
\etb@tempcnta=\count132
)
(/usr/share/texlive/texmf-dist/tex/latex/oberdiek/kvoptions.sty
Package: kvoptions 2016/05/16 v3.12 Key value format for package options (HO)

(/usr/share/texlive/texmf-dist/tex/generic/oberdiek/kvsetkeys.sty
Package: kvsetkeys 2016/05/16 v1.17 Key value parser (HO)

(/usr/share/texlive/texmf-dist/tex/generic/oberdiek/etexcmds.sty
Package: etexcmds 2016/05/16 v1.6 Avoid name clashes with e-TeX commands (HO)
Package etexcmds Info: Could not find \expanded.
(etexcmds)             That can mean that you are not using pdfTeX 1.50 or
(etexcmds)             that some package has redefined \expanded.
(etexcmds)             In the latter case, load this package earlier.
)))
(/usr/share/texlive/texmf-dist/tex/latex/logreq/logreq.sty
Package: logreq 2010/08/04 v1.0 xml request logger
\lrq@indent=\count133

(/usr/share/texlive/texmf-dist/tex/latex/logreq/logreq.def
File: logreq.def 2010/08/04 v1.0 logreq spec v1.0
))
(/usr/share/texlive/texmf-dist/tex/latex/base/ifthen.sty
Package: ifthen 2014/09/29 v1.1c Standard LaTeX ifthen package (DPC)
)
(/usr/share/texlive/texmf-dist/tex/latex/url/url.sty
\Urlmuskip=\muskip11
Package: url 2013/09/16  ver 3.4  Verb mode for urls, etc.
)
(/usr/share/texlive/texmf-dist/tex/generic/xstring/xstring.sty
(/usr/share/texlive/texmf-dist/tex/generic/xstring/xstring.tex
\@xs@message=\write4
\integerpart=\count134
\decimalpart=\count135
)
Package: xstring 2013/10/13  v1.7c  String manipulations (C Tellechea)
)
\c@tabx@nest=\count136
\c@listtotal=\count137
\c@listcount=\count138
\c@liststart=\count139
\c@liststop=\count140
\c@citecount=\count141
\c@citetotal=\count142
\c@multicitecount=\count143
\c@multicitetotal=\count144
\c@instcount=\count145
\c@maxnames=\count146
\c@minnames=\count147
\c@maxitems=\count148
\c@minitems=\count149
\c@citecounter=\count150
\c@savedcitecounter=\count151
\c@uniquelist=\count152
\c@uniquename=\count153
\c@refsection=\count154
\c@refsegment=\count155
\c@maxextratitle=\count156
\c@maxextratitleyear=\count157
\c@maxextrayear=\count158
\c@maxextraalpha=\count159
\c@abbrvpenalty=\count160
\c@highnamepenalty=\count161
\c@lownamepenalty=\count162
\c@maxparens=\count163
\c@parenlevel=\count164
\blx@tempcnta=\count165
\blx@tempcntb=\count166
\blx@tempcntc=\count167
\blx@maxsection=\count168
\blx@maxsegment@0=\count169
\blx@notetype=\count170
\blx@parenlevel@text=\count171
\blx@parenlevel@foot=\count172
\blx@sectionciteorder@0=\count173
\labelnumberwidth=\skip55
\labelalphawidth=\skip56
\biblabelsep=\skip57
\bibitemsep=\skip58
\bibnamesep=\skip59
\bibinitsep=\skip60
\bibparsep=\skip61
\bibhang=\skip62
\blx@bcfin=\read2
\blx@bcfout=\write5
\c@mincomprange=\count174
\c@maxcomprange=\count175
\c@mincompwidth=\count176
Package biblatex Info: Trying to load biblatex default data model...
Package biblatex Info: ... file 'blx-dm.def' found.

(/usr/share/texlive/texmf-dist/tex/latex/biblatex/blx-dm.def)
Package biblatex Info: Trying to load biblatex custom data model...
Package biblatex Info: ... file 'biblatex-dm.cfg' not found.
\c@afterword=\count177
\c@savedafterword=\count178
\c@annotator=\count179
\c@savedannotator=\count180
\c@author=\count181
\c@savedauthor=\count182
\c@bookauthor=\count183
\c@savedbookauthor=\count184
\c@commentator=\count185
\c@savedcommentator=\count186
\c@editor=\count187
\c@savededitor=\count188
\c@editora=\count189
\c@savededitora=\count190
\c@editorb=\count191
\c@savededitorb=\count192
\c@editorc=\count193
\c@savededitorc=\count194
\c@foreword=\count195
\c@savedforeword=\count196
\c@holder=\count197
\c@savedholder=\count198
\c@introduction=\count199
\c@savedintroduction=\count266
\c@namea=\count267
\c@savednamea=\count268
\c@nameb=\count269
\c@savednameb=\count270
\c@namec=\count271
\c@savednamec=\count272
\c@translator=\count273
\c@savedtranslator=\count274
\c@shortauthor=\count275
\c@savedshortauthor=\count276
\c@shorteditor=\count277
\c@savedshorteditor=\count278
\c@labelname=\count279
\c@savedlabelname=\count280
\c@institution=\count281
\c@savedinstitution=\count282
\c@lista=\count283
\c@savedlista=\count284
\c@listb=\count285
\c@savedlistb=\count286
\c@listc=\count287
\c@savedlistc=\count288
\c@listd=\count289
\c@savedlistd=\count290
\c@liste=\count291
\c@savedliste=\count292
\c@listf=\count293
\c@savedlistf=\count294
\c@location=\count295
\c@savedlocation=\count296
\c@organization=\count297
\c@savedorganization=\count298
\c@origlocation=\count299
\c@savedoriglocation=\count300
\c@origpublisher=\count301
\c@savedorigpublisher=\count302
\c@publisher=\count303
\c@savedpublisher=\count304
\c@language=\count305
\c@savedlanguage=\count306
\c@pageref=\count307
\c@savedpageref=\count308
\shorthandwidth=\skip63
\shortjournalwidth=\skip64
\shortserieswidth=\skip65
\shorttitlewidth=\skip66
\shortauthorwidth=\skip67
\shorteditorwidth=\skip68
Package biblatex Info: Trying to load compatibility code...
Package biblatex Info: ... file 'blx-compat.def' found.

(/usr/share/texlive/texmf-dist/tex/latex/biblatex/blx-compat.def
File: blx-compat.def 2016/12/05 v3.7 biblatex compatibility (PK/JW/AB)
)
Package biblatex Info: Trying to load generic definitions...
Package biblatex Info: ... file 'biblatex.def' found.

(/usr/share/texlive/texmf-dist/tex/latex/biblatex/biblatex.def
File: biblatex.def 2016/12/05 v3.7 biblatex compatibility (PK/JW/AB)
\c@textcitecount=\count309
\c@textcitetotal=\count310
\c@textcitemaxnames=\count311
\c@biburlnumpenalty=\count312
\c@biburlucpenalty=\count313
\c@biburllcpenalty=\count314
\c@smartand=\count315
)
Package biblatex Info: Trying to load bibliography style 'numeric'...
Package biblatex Info: ... file 'numeric.bbx' found.

(/usr/share/texlive/texmf-dist/tex/latex/biblatex/bbx/numeric.bbx
File: numeric.bbx 2016/12/05 v3.7 biblatex bibliography style (PK/JW/AB)
Package biblatex Info: Trying to load bibliography style 'standard'...
Package biblatex Info: ... file 'standard.bbx' found.

(/usr/share/texlive/texmf-dist/tex/latex/biblatex/bbx/standard.bbx
File: standard.bbx 2016/12/05 v3.7 biblatex bibliography style (PK/JW/AB)
\c@bbx:relatedcount=\count316
\c@bbx:relatedtotal=\count317
))
Package biblatex Info: Trying to load citation style 'numeric'...
Package biblatex Info: ... file 'numeric.cbx' found.

(/usr/share/texlive/texmf-dist/tex/latex/biblatex/cbx/numeric.cbx
File: numeric.cbx 2016/12/05 v3.7 biblatex citation style (PK/JW/AB)
Package biblatex Info: Redefining '\cite'.
Package biblatex Info: Redefining '\parencite'.
Package biblatex Info: Redefining '\footcite'.
Package biblatex Info: Redefining '\footcitetext'.
Package biblatex Info: Redefining '\smartcite'.
Package biblatex Info: Redefining '\supercite'.
Package biblatex Info: Redefining '\textcite'.
Package biblatex Info: Redefining '\textcites'.
Package biblatex Info: Redefining '\cites'.
Package biblatex Info: Redefining '\parencites'.
Package biblatex Info: Redefining '\smartcites'.
)
Package biblatex Info: Trying to load configuration file...
Package biblatex Info: ... file 'biblatex.cfg' found.

(/usr/share/texlive/texmf-dist/tex/latex/biblatex/biblatex.cfg
File: biblatex.cfg 
))
(/usr/share/texlive/texmf-dist/tex/latex/float/float.sty
Package: float 2001/11/08 v1.3d Float enhancements (AL)
\c@float@type=\count318
\float@exts=\toks38
\float@box=\box40
\@float@everytoks=\toks39
\@floatcapt=\box41
)
(/usr/share/texlive/texmf-dist/tex/latex/parskip/parskip.sty
Package: parskip 2001/04/09 non-zero parskip adjustments
)
(/usr/share/texlive/texmf-dist/tex/latex/hyperref/hyperref.sty
Package: hyperref 2016/06/24 v6.83q Hypertext links for LaTeX

(/usr/share/texlive/texmf-dist/tex/generic/oberdiek/hobsub-hyperref.sty
Package: hobsub-hyperref 2016/05/16 v1.14 Bundle oberdiek, subset hyperref (HO)


(/usr/share/texlive/texmf-dist/tex/generic/oberdiek/hobsub-generic.sty
Package: hobsub-generic 2016/05/16 v1.14 Bundle oberdiek, subset generic (HO)
Package: hobsub 2016/05/16 v1.14 Construct package bundles (HO)
Package hobsub Info: Skipping package `infwarerr' (already loaded).
Package hobsub Info: Skipping package `ltxcmds' (already loaded).
Package hobsub Info: Skipping package `ifluatex' (already loaded).
Package: ifvtex 2016/05/16 v1.6 Detect VTeX and its facilities (HO)
Package ifvtex Info: VTeX not detected.
Package: intcalc 2016/05/16 v1.2 Expandable calculations with integers (HO)
Package hobsub Info: Skipping package `ifpdf' (already loaded).
Package hobsub Info: Skipping package `etexcmds' (already loaded).
Package hobsub Info: Skipping package `kvsetkeys' (already loaded).
Package: kvdefinekeys 2016/05/16 v1.4 Define keys (HO)
Package hobsub Info: Skipping package `pdftexcmds' (already loaded).
Package: pdfescape 2016/05/16 v1.14 Implements pdfTeX's escape features (HO)
Package: bigintcalc 2016/05/16 v1.4 Expandable calculations on big integers (HO
)
Package: bitset 2016/05/16 v1.2 Handle bit-vector datatype (HO)
Package: uniquecounter 2016/05/16 v1.3 Provide unlimited unique counter (HO)
)
Package hobsub Info: Skipping package `hobsub' (already loaded).
Package: letltxmacro 2016/05/16 v1.5 Let assignment for LaTeX macros (HO)
Package: hopatch 2016/05/16 v1.3 Wrapper for package hooks (HO)
Package: xcolor-patch 2016/05/16 xcolor patch
Package: atveryend 2016/05/16 v1.9 Hooks at the very end of document (HO)
Package: atbegshi 2016/06/09 v1.18 At begin shipout hook (HO)
Package: refcount 2016/05/16 v3.5 Data extraction from label references (HO)
Package: hycolor 2016/05/16 v1.8 Color options for hyperref/bookmark (HO)
)
(/usr/share/texlive/texmf-dist/tex/generic/ifxetex/ifxetex.sty
Package: ifxetex 2010/09/12 v0.6 Provides ifxetex conditional
)
(/usr/share/texlive/texmf-dist/tex/latex/oberdiek/auxhook.sty
Package: auxhook 2016/05/16 v1.4 Hooks for auxiliary files (HO)
)
\@linkdim=\dimen181
\Hy@linkcounter=\count319
\Hy@pagecounter=\count320

(/usr/share/texlive/texmf-dist/tex/latex/hyperref/pd1enc.def
File: pd1enc.def 2016/06/24 v6.83q Hyperref: PDFDocEncoding definition (HO)
)
\Hy@SavedSpaceFactor=\count321

(/usr/share/texlive/texmf-dist/tex/latex/latexconfig/hyperref.cfg
File: hyperref.cfg 2002/06/06 v1.2 hyperref configuration of TeXLive
)
Package hyperref Info: Hyper figures OFF on input line 4486.
Package hyperref Info: Link nesting OFF on input line 4491.
Package hyperref Info: Hyper index ON on input line 4494.
Package hyperref Info: Plain pages OFF on input line 4501.
Package hyperref Info: Backreferencing OFF on input line 4506.
Package hyperref Info: Implicit mode ON; LaTeX internals redefined.
Package hyperref Info: Bookmarks ON on input line 4735.
\c@Hy@tempcnt=\count322
LaTeX Info: Redefining \url on input line 5088.
\XeTeXLinkMargin=\dimen182
\Fld@menulength=\count323
\Field@Width=\dimen183
\Fld@charsize=\dimen184
Package hyperref Info: Hyper figures OFF on input line 6342.
Package hyperref Info: Link nesting OFF on input line 6347.
Package hyperref Info: Hyper index ON on input line 6350.
Package hyperref Info: backreferencing OFF on input line 6357.
Package hyperref Info: Link coloring OFF on input line 6362.
Package hyperref Info: Link coloring with OCG OFF on input line 6367.
Package hyperref Info: PDF/A mode OFF on input line 6372.
LaTeX Info: Redefining \ref on input line 6412.
LaTeX Info: Redefining \pageref on input line 6416.
\Hy@abspage=\count324
\c@Item=\count325
\c@Hfootnote=\count326
)

Package hyperref Message: Driver (autodetected): hxetex.

(/usr/share/texlive/texmf-dist/tex/latex/hyperref/hxetex.def
File: hxetex.def 2016/06/24 v6.83q Hyperref driver for XeTeX

(/usr/share/texlive/texmf-dist/tex/latex/hyperref/puenc.def
File: puenc.def 2016/06/24 v6.83q Hyperref: PDF Unicode definition (HO)
)
(/usr/share/texlive/texmf-dist/tex/generic/oberdiek/stringenc.sty
Package: stringenc 2016/05/16 v1.11 Convert strings between diff. encodings (HO
)
)
\pdfm@box=\box42
\c@Hy@AnnotLevel=\count327
\HyField@AnnotCount=\count328
\Fld@listcount=\count329
\c@bookmark@seq@number=\count330

(/usr/share/texlive/texmf-dist/tex/latex/oberdiek/rerunfilecheck.sty
Package: rerunfilecheck 2016/05/16 v1.8 Rerun checks for auxiliary files (HO)
Package rerunfilecheck Info: Feature \pdfmdfivesum is not available
(rerunfilecheck)             (e.g. pdfTeX or LuaTeX with package `pdftexcmds').

(rerunfilecheck)             Therefore file contents cannot be checked efficien
tly
(rerunfilecheck)             and the loading of the package is aborted.
)
\Hy@SectionHShift=\skip69
)
(/usr/share/texlive/texmf-dist/tex/latex/booktabs/booktabs.sty
Package: booktabs 2016/04/27 v1.618033 publication quality tables
\heavyrulewidth=\dimen185
\lightrulewidth=\dimen186
\cmidrulewidth=\dimen187
\belowrulesep=\dimen188
\belowbottomsep=\dimen189
\aboverulesep=\dimen190
\abovetopsep=\dimen191
\cmidrulesep=\dimen192
\cmidrulekern=\dimen193
\defaultaddspace=\dimen194
\@cmidla=\count331
\@cmidlb=\count332
\@aboverulesep=\dimen195
\@belowrulesep=\dimen196
\@thisruleclass=\count333
\@lastruleclass=\count334
\@thisrulewidth=\dimen197
)

! LaTeX Error: Option clash for package xcolor.

See the LaTeX manual or LaTeX Companion for explanation.
Type  H <return>  for immediate help.
 ...                                              
                                                  
l.19 \usepackage
                {lscape}
The package xcolor has already been loaded with options:
  []
There has now been an attempt to load it with options
  [table,xcdraw]
Adding the global options:
  ,table,xcdraw
to your \documentclass declaration may fix this.
Try typing  <return>  to proceed.

(/usr/share/texlive/texmf-dist/tex/latex/graphics/lscape.sty
Package: lscape 2000/10/22 v3.01 Landscape Pages (DPC)
)
(/usr/share/texlive/texmf-dist/tex/latex/mathtools/mathtools.sty
Package: mathtools 2015/11/12 v1.18 mathematical typesetting tools

(/usr/share/texlive/texmf-dist/tex/latex/tools/calc.sty
Package: calc 2014/10/28 v4.3 Infix arithmetic (KKT,FJ)
\calc@Acount=\count335
\calc@Bcount=\count336
\calc@Adimen=\dimen198
\calc@Bdimen=\dimen199
\calc@Askip=\skip70
\calc@Bskip=\skip71
LaTeX Info: Redefining \setlength on input line 80.
LaTeX Info: Redefining \addtolength on input line 81.
\calc@Ccount=\count337
\calc@Cskip=\skip72
)
(/usr/share/texlive/texmf-dist/tex/latex/mathtools/mhsetup.sty
Package: mhsetup 2010/01/21 v1.2a programming setup (MH)
)
LaTeX Info: Thecontrolsequence`\('isalreadyrobust on input line 129.
LaTeX Info: Thecontrolsequence`\)'isalreadyrobust on input line 129.
LaTeX Info: Thecontrolsequence`\['isalreadyrobust on input line 129.
LaTeX Info: Thecontrolsequence`\]'isalreadyrobust on input line 129.
\g_MT_multlinerow_int=\count338
\l_MT_multwidth_dim=\dimen256
\origjot=\skip73
\l_MT_shortvdotswithinadjustabove_dim=\dimen257
\l_MT_shortvdotswithinadjustbelow_dim=\dimen258
\l_MT_above_intertext_sep=\dimen259
\l_MT_below_intertext_sep=\dimen260
\l_MT_above_shortintertext_sep=\dimen261
\l_MT_below_shortintertext_sep=\dimen262
)
(/usr/share/texlive/texmf-dist/tex/latex/geometry/geometry.sty
Package: geometry 2010/09/12 v5.6 Page Geometry
\Gm@cnth=\count339
\Gm@cntv=\count340
\c@Gm@tempcnt=\count341
\Gm@bindingoffset=\dimen263
\Gm@wd@mp=\dimen264
\Gm@odd@mp=\dimen265
\Gm@even@mp=\dimen266
\Gm@layoutwidth=\dimen267
\Gm@layoutheight=\dimen268
\Gm@layouthoffset=\dimen269
\Gm@layoutvoffset=\dimen270
\Gm@dimlist=\toks40
)
(/usr/share/texlive/texmf-dist/tex/latex/glossaries-extra/glossaries-extra.sty
Package: glossaries-extra 2017/01/19 v1.11 (NLCT)

(/usr/share/texlive/texmf-dist/tex/latex/xkeyval/xkeyval.sty
Package: xkeyval 2014/12/03 v2.7a package option processing (HA)

(/usr/share/texlive/texmf-dist/tex/generic/xkeyval/xkeyval.tex
(/usr/share/texlive/texmf-dist/tex/generic/xkeyval/xkvutils.tex
\XKV@toks=\toks41
\XKV@tempa@toks=\toks42
)
\XKV@depth=\count342
File: xkeyval.tex 2014/12/03 v2.7a key=value parser (HA)
))
\@glsxtr@docdefval=\count343

(/usr/share/texlive/texmf-dist/tex/latex/glossaries/base/glossaries.sty
Package: glossaries 2017/01/19 v4.29 (NLCT)

(/usr/share/texlive/texmf-dist/tex/latex/mfirstuc/mfirstuc.sty
Package: mfirstuc 2016/07/31 v2.04 (NLCT)
\@glsmfirst=\toks43
\@glsmrest=\toks44
)
(/usr/share/texlive/texmf-dist/tex/latex/textcase/textcase.sty
Package: textcase 2004/10/07 v0.07 Text only upper/lower case changing (DPC)
)
(/usr/share/texlive/texmf-dist/tex/latex/xfor/xfor.sty
Package: xfor 2009/02/05 v1.05 (NLCT)
)
(/usr/share/texlive/texmf-dist/tex/latex/datatool/datatool-base.sty
Package: datatool-base 2016/07/28 v2.27 (NLCT)

(/usr/share/texlive/texmf-dist/tex/latex/substr/substr.sty
Package: substr 2009/10/20 v1.2 Handle substrings
\c@su@anzahl=\count344
)
(/usr/share/texlive/texmf-dist/tex/latex/datatool/datatool-fp.sty
Package: datatool-fp 2016/07/28 v2.27 (NLCT)

(/usr/share/texlive/texmf-dist/tex/latex/fp/fp.sty
Package: fp 1995/04/02

`Fixed Point Package', Version 0.8, April 2, 1995 (C) Michael Mehlich
(/usr/share/texlive/texmf-dist/tex/latex/fp/defpattern.sty
Package: defpattern 1994/10/12
\actioncount=\count345
)
(/usr/share/texlive/texmf-dist/tex/latex/fp/fp-basic.sty
Package: fp-basic 1996/05/13
\FP@xs=\count346
\FP@xia=\count347
\FP@xib=\count348
\FP@xfa=\count349
\FP@xfb=\count350
\FP@rega=\count351
\FP@regb=\count352
\FP@regs=\count353
\FP@times=\count354
)
(/usr/share/texlive/texmf-dist/tex/latex/fp/fp-addons.sty
Package: fp-addons 1995/03/15
)
(/usr/share/texlive/texmf-dist/tex/latex/fp/fp-snap.sty
Package: fp-snap 1995/04/05
)
(/usr/share/texlive/texmf-dist/tex/latex/fp/fp-exp.sty
Package: fp-exp 1995/04/03
)
(/usr/share/texlive/texmf-dist/tex/latex/fp/fp-trigo.sty
Package: fp-trigo 1995/04/14
)
(/usr/share/texlive/texmf-dist/tex/latex/fp/fp-pas.sty
Package: fp-pas 1994/08/29
)
(/usr/share/texlive/texmf-dist/tex/latex/fp/fp-random.sty
Package: fp-random 1995/02/23
\FPseed=\count355
)
(/usr/share/texlive/texmf-dist/tex/latex/fp/fp-eqn.sty
Package: fp-eqn 1995/04/03
)
(/usr/share/texlive/texmf-dist/tex/latex/fp/fp-upn.sty
Package: fp-upn 1996/10/21
)
(/usr/share/texlive/texmf-dist/tex/latex/fp/fp-eval.sty
Package: fp-eval 1995/04/03
)))
\@dtl@toks=\toks45
\@dtl@tmpcount=\count356
\dtl@tmplength=\skip74
\dtl@sortresult=\count357
\@dtl@numgrpsepcount=\count358
\@dtl@datatype=\count359
\dtl@codeA=\count360
\dtl@codeB=\count361
\@dtl@foreach@level=\count362
)
(/usr/share/texlive/texmf-dist/tex/latex/glossaries/base/glossaries-compatible-
307.sty
Package: glossaries-compatible-307 2017/01/19 v4.29 (NLCT)
)
\gls@level=\count363
\@gls@tmpb=\toks46
\gls@tmplen=\skip75
\glskeylisttok=\toks47
\glslabeltok=\toks48
\glsshorttok=\toks49
\glslongtok=\toks50

(/usr/share/texlive/texmf-dist/tex/latex/glossaries/styles/glossary-hypernav.st
y
Package: glossary-hypernav 2017/01/19 v4.29 (NLCT)
) (/usr/share/texlive/texmf-dist/tex/latex/glossaries/styles/glossary-list.sty
Package: glossary-list 2017/01/19 v4.29 (NLCT)
\glslistdottedwidth=\skip76
) (/usr/share/texlive/texmf-dist/tex/latex/glossaries/styles/glossary-long.sty
Package: glossary-long 2017/01/19 v4.29 (NLCT)

(/usr/share/texlive/texmf-dist/tex/latex/tools/longtable.sty
Package: longtable 2014/10/28 v4.11 Multi-page Table package (DPC)
\LTleft=\skip77
\LTright=\skip78
\LTpre=\skip79
\LTpost=\skip80
\LTchunksize=\count364
\LTcapwidth=\dimen271
\LT@head=\box43
\LT@firsthead=\box44
\LT@foot=\box45
\LT@lastfoot=\box46
\LT@cols=\count365
\LT@rows=\count366
\c@LT@tables=\count367
\c@LT@chunks=\count368
\LT@p@ftn=\toks51
)
\glsdescwidth=\skip81
\glspagelistwidth=\skip82
)
(/usr/share/texlive/texmf-dist/tex/latex/glossaries/styles/glossary-super.sty
Package: glossary-super 2017/01/19 v4.29 (NLCT)

(/usr/share/texlive/texmf-dist/tex/latex/supertabular/supertabular.sty
Package: supertabular 2004/02/20 v4.1e the supertabular environment
\c@tracingst=\count369
\ST@wd=\dimen272
\ST@rightskip=\skip83
\ST@leftskip=\skip84
\ST@parfillskip=\skip85
\ST@pageleft=\dimen273
\ST@headht=\dimen274
\ST@tailht=\dimen275
\ST@pagesofar=\dimen276
\ST@pboxht=\dimen277
\ST@lineht=\dimen278
\ST@stretchht=\dimen279
\ST@prevht=\dimen280
\ST@toadd=\dimen281
\ST@dimen=\dimen282
\ST@pbox=\box47
))
(/usr/share/texlive/texmf-dist/tex/latex/glossaries/styles/glossary-tree.sty
Package: glossary-tree 2017/01/19 v4.29 (NLCT)
\glstreeindent=\skip86
))
\glsshortpltok=\toks52
\glslongpltok=\toks53
)
\glswrite=\write6
\glo@main@file=\write7
\openout7 = `main.glo'.

Package glossaries Info: Writing glossary file main.glo on input line 33.
\glo@acronym@file=\write8
\openout8 = `main.acn'.

Package glossaries Info: Writing glossary file main.acn on input line 33.
(./sections/glossaire_en.tex

! Package glossaries-extra Error: Glossary entry `dem' has already been defined
.

See the glossaries-extra package documentation for explanation.
Type  H <return>  for immediate help.
 ...                                              
                                                  
l.28 ...acronym{dem}{DEM}{Digital Elevation Model}
                                                  
This error message was generated by an \errmessage
command, so I can't give any explicit help.
Pretend that you're Hercule Poirot: Examine all clues,
and deduce the truth by order and method.

)

Package Fancyhdr Warning: \fancyhead's `E' option without twoside option is use
less on input line 51.


Package Fancyhdr Warning: \fancyhead's `E' option without twoside option is use
less on input line 52.


Package Fancyhdr Warning: \fancyfoot's `E' option without twoside option is use
less on input line 53.

Package biblatex Info: Trying to load language 'english'...
Package biblatex Info: ... file 'english.lbx' found.
(/usr/share/texlive/texmf-dist/tex/latex/biblatex/lbx/english.lbx
File: english.lbx 2016/12/05 v3.7 biblatex localization (PK/JW/AB)
)
\@quotelevel=\count370
\@quotereset=\count371

(build//main.aux

LaTeX Warning: Label `' multiply defined.


LaTeX Warning: Label `' multiply defined.


LaTeX Warning: Label `' multiply defined.


LaTeX Warning: Label `' multiply defined.


LaTeX Warning: Label `fig:pan' multiply defined.


LaTeX Warning: Label `sub@fig:pan' multiply defined.


LaTeX Warning: Label `fig:panmod' multiply defined.


LaTeX Warning: Label `sub@fig:panmod' multiply defined.


LaTeX Warning: Label `fig:PAN' multiply defined.


LaTeX Warning: Label `fig:samnorm' multiply defined.


LaTeX Warning: Label `sub@fig:samnorm' multiply defined.


LaTeX Warning: Label `fig:samod' multiply defined.


LaTeX Warning: Label `sub@fig:samod' multiply defined.


LaTeX Warning: Label `fig:SAM' multiply defined.


LaTeX Warning: Label `' multiply defined.


LaTeX Warning: Label `fig:' multiply defined.


LaTeX Warning: Label `' multiply defined.

)
\openout1 = `main.aux'.

LaTeX Font Info:    Checking defaults for OML/cmm/m/it on input line 65.
LaTeX Font Info:    ... okay on input line 65.
LaTeX Font Info:    Checking defaults for T1/cmr/m/n on input line 65.
LaTeX Font Info:    ... okay on input line 65.
LaTeX Font Info:    Checking defaults for OT1/cmr/m/n on input line 65.
LaTeX Font Info:    ... okay on input line 65.
LaTeX Font Info:    Checking defaults for OMS/cmsy/m/n on input line 65.
LaTeX Font Info:    ... okay on input line 65.
LaTeX Font Info:    Checking defaults for TU/lmr/m/n on input line 65.
LaTeX Font Info:    ... okay on input line 65.
LaTeX Font Info:    Checking defaults for OMX/cmex/m/n on input line 65.
LaTeX Font Info:    ... okay on input line 65.
LaTeX Font Info:    Checking defaults for U/cmr/m/n on input line 65.
LaTeX Font Info:    ... okay on input line 65.
LaTeX Font Info:    Checking defaults for PD1/pdf/m/n on input line 65.
LaTeX Font Info:    ... okay on input line 65.
LaTeX Font Info:    Checking defaults for PU/pdf/m/n on input line 65.
LaTeX Font Info:    ... okay on input line 65.
 ABD: EveryShipout initializing macros

Package pgfplots Warning: running in backwards compatibility mode (unsuitable t
ick labels; missing features). Consider writing \pgfplotsset{compat=1.14} into 
your preamble.
 on input line 65.

Package caption Info: Begin \AtBeginDocument code.
Package caption Info: float package is loaded.
Package caption Info: hyperref package is loaded.
Package caption Info: longtable package is loaded.
(/usr/share/texlive/texmf-dist/tex/latex/caption/ltcaption.sty
Package: ltcaption 2013/06/09 v1.4-94 longtable captions (AR)
)
Package caption Info: supertabular package is loaded.
Package caption Info: End \AtBeginDocument code.
Package biblatex Info: XeTeX detected.
(biblatex)             Assuming input encoding 'utf8'.
Package biblatex Info: Automatic encoding selection.
(biblatex)             Assuming data encoding 'utf8'.
\openout5 = `main.bcf'.

Package biblatex Info: Trying to load bibliographic data...
Package biblatex Info: ... file 'main.bbl' found.

(build//main.bbl

Package biblatex Warning: The following entry could not be found
(biblatex)                in the database:
(biblatex)                wouter2020
(biblatex)                Please verify the spelling and rerun
(biblatex)                LaTeX afterwards.


Package biblatex Warning: The following entry could not be found
(biblatex)                in the database:
(biblatex)                zhuangAl
(biblatex)                Please verify the spelling and rerun
(biblatex)                LaTeX afterwards.


Package biblatex Warning: The following entry could not be found
(biblatex)                in the database:
(biblatex)                lamberVerschoof
(biblatex)                Please verify the spelling and rerun
(biblatex)                LaTeX afterwards.


Package biblatex Warning: The following entry could not be found
(biblatex)                in the database:
(biblatex)                kenzlerLambers2015
(biblatex)                Please verify the spelling and rerun
(biblatex)                LaTeX afterwards.

)
Package biblatex Info: Reference section=0 on input line 65.
Package biblatex Info: Reference segment=0 on input line 65.
\AtBeginShipoutBox=\box48
Package hyperref Info: Link coloring OFF on input line 65.
 (/usr/share/texlive/texmf-dist/tex/latex/hyperref/nameref.sty
Package: nameref 2016/05/21 v2.44 Cross-referencing by name of section

(/usr/share/texlive/texmf-dist/tex/generic/oberdiek/gettitlestring.sty
Package: gettitlestring 2016/05/16 v1.5 Cleanup title references (HO)
)
\c@section@level=\count372
)
LaTeX Info: Redefining \ref on input line 65.
LaTeX Info: Redefining \pageref on input line 65.
LaTeX Info: Redefining \nameref on input line 65.

(build//main.out) (build//main.out)
\@outlinefile=\write9
\openout9 = `main.out'.


*geometry* driver: auto-detecting
*geometry* detected driver: xetex
*geometry* verbose mode - [ preamble ] result:
* driver: xetex
* paper: a4paper
* layout: <same size as paper>
* layoutoffset:(h,v)=(0.0pt,0.0pt)
* modes: heightrounded 
* h-part:(L,W,R)=(72.26999pt, 452.9679pt, 72.26999pt)
* v-part:(T,H,B)=(54.2025pt, 718.57436pt, 72.26999pt)
* \paperwidth=597.50787pt
* \paperheight=845.04684pt
* \textwidth=452.9679pt
* \textheight=722.5pt
* \oddsidemargin=0.0pt
* \evensidemargin=0.0pt
* \topmargin=-57.56749pt
* \headheight=14.5pt
* \headsep=25.0pt
* \topskip=12.0pt
* \footskip=30.0pt
* \marginparwidth=35.0pt
* \marginparsep=10.0pt
* \columnsep=10.0pt
* \skip\footins=10.8pt plus 4.0pt minus 2.0pt
* \hoffset=0.0pt
* \voffset=0.0pt
* \mag=1000
* \@twocolumnfalse
* \@twosidefalse
* \@mparswitchfalse
* \@reversemarginfalse
* (1in=72.27pt=25.4mm, 1cm=28.453pt)

! Missing number, treated as zero.
<to be read again> 
                   \relax 
l.68 
     
A number should have been here; I inserted `0'.
(If you can't figure out why I needed to see a number,
look up `weird error' in the index to The TeXbook.)

! Illegal unit of measure (pt inserted).
<to be read again> 
                   \relax 
l.68 
     
Dimensions can be in units of em, ex, in, pt, pc,
cm, mm, dd, cc, bp, or sp; but yours is a new one!
I'll assume that you meant to say pt, for printer's points.
To recover gracefully from this error, it's best to
delete the erroneous units; e.g., type `2' to delete
two letters. (See Chapter 27 of The TeXbook.)

LaTeX Font Info:    Try loading font information for U+msa on input line 68.
(/usr/share/texlive/texmf-dist/tex/latex/amsfonts/umsa.fd
File: umsa.fd 2013/01/14 v3.01 AMS symbols A
)
LaTeX Font Info:    Try loading font information for U+msb on input line 68.

(/usr/share/texlive/texmf-dist/tex/latex/amsfonts/umsb.fd
File: umsb.fd 2013/01/14 v3.01 AMS symbols B
)
(/usr/share/texlive/texmf-dist/tex/generic/oberdiek/se-ascii-print.def
File: se-ascii-print.def 2016/05/16 v1.11 stringenc: Printable ASCII characters

)
[1

\openout6 = `main.ist'.

] (build/main.toc [1

] [2] [3])
\tf@toc=\write10
\openout10 = `main.toc'.

 [4] (build/main.lof [5

])
\tf@lof=\write11
\openout11 = `main.lof'.

 [6] (build/main.lot
Overfull \hbox (2.59879pt too wide) in paragraph at lines 43--43
 [][] [][]\T1/lmr/m/n/12 Ablation Stud-ies of Bag-of-Freebies us-ing CSPResNeXt
50-PANet-SPP with 
 []

[7

])
\tf@lot=\write12
\openout12 = `main.lot'.

 [8]
Chapter 1.
(./sections/1_foreword.tex) [9

]
Chapter 2.
(./sections/1_1_executiveSummary.tex) [10

] [11]
Chapter 3.
(./sections/2_introduction.tex) [12

] [13

]
Chapter 4.
(./sections/3_management.tex
File: images/gantt.jpg Graphic file (type QTm)
 <use  "images/gantt.jpg" > [14

]) [15]
Chapter 5.
(./sections/4_sustain.tex) [16

] [17

]
Chapter 6.
(./sections/5_elementaire.tex
File: images/kilnsExample.png Graphic file (type QTm)
 <use  "images/kilnsExample.png" > [18

]
File: images/cfieldExample.png Graphic file (type QTm)

<use  "images/cfieldExample.png" > [19]
File: images/barrowExample.png Graphic file (type QTm)
 <use  "images/barrowExample.png" >
[20] [21]
File: images/overfitting.png Graphic file (type QTm)
 <use  "images/overfitting.png" > [22]
File: images/gradDescent.png Graphic file (type QTm)

<use  "images/gradDescent.png" >) [23]
Chapter 7.
(./sections/6_metrics.tex
File: images/precisionRecall.png Graphic file (type QTm)
 <use  "images/precisionRecall.png" >

LaTeX Warning: `h' float specifier changed to `ht'.

[24

]
File: images/iou.png Graphic file (type QTm)
 <use  "images/iou.png" > [25] [26] [27]) [28]
Chapter 8.
(./sections/7_chall.tex
File: images/coco.jpg Graphic file (type QTm)
 <use  "images/coco.jpg" >
File: images/lidarEx.jpg Graphic file (type QTm)
 <use  "images/lidarEx.jpg" >
Overfull \hbox (2.61107pt too wide) in paragraph at lines 6--20
[][] [] 
 []


LaTeX Warning: `h' float specifier changed to `ht'.


Overfull \hbox (19.57135pt too wide) in paragraph at lines 31--32
\T1/lmr/m/n/12 be pro-hibitively hard to an-a-lyze due to the oc-clu-sion cre-a
ted by trees[[]].
 []

[29

] [30]) [31]
Chapter 9.
(./sections/8_sota.tex

Package hyperref Warning: Token not allowed in a PDF string (Unicode):
(hyperref)                removing `\cite' on input line 3.

(./sections/etten1.tex [32

]) [33]

Package hyperref Warning: Token not allowed in a PDF string (Unicode):
(hyperref)                removing `\cite' on input line 11.

(./sections/juAl.tex
File: images/dilConvA.png Graphic file (type QTm)
 <use  "images/dilConvA.png" >
File: images/dilConvB.png Graphic file (type QTm)

<use  "images/dilConvB.png" >
File: images/dilConvC.png Graphic file (type QTm)
 <use  "images/dilConvC.png" > [34]
File: images/juArchi.jpg Graphic file (type QTm)

<use  "images/juArchi.jpg" > [35] [36]) [37

]
Overfull \hbox (12.23961pt too wide) in paragraph at lines 15--15
[]\T1/lmr/bx/n/17.28 Object De-tec-tion in Re-mote Sens-ing Im-ages Based
 []


Overfull \hbox (9.91034pt too wide) in paragraph at lines 15--15
\T1/lmr/bx/n/17.28 on Im-proved Bound-ing Box Re-gres-sion and Multi-
 []


Package hyperref Warning: Token not allowed in a PDF string (Unicode):
(hyperref)                removing `\cite' on input line 15.

(./sections/qianAl.tex
File: images/ODRSIArchi.jpg Graphic file (type QTm)
 <use  "images/ODRSIArchi.jpg" > [38] [39]
Overfull \hbox (4.27473pt too wide) in paragraph at lines 69--70
\T1/lmr/m/n/12 be-tween the pro-posed meth-ods and five oth-ers meth-ods on the
 NWPU VHR-10 dataset[[]42[]].
 []

[40])

Package hyperref Warning: Token not allowed in a PDF string (Unicode):
(hyperref)                removing `\cite' on input line 21.

(./sections/zhuangAl.tex
File: images/darknetArchi.jpg Graphic file (type QTm)
 <use  "images/darknetArchi.jpg" >
File: images/msFusionDetectorArchi.jpg Graphic file (type QTm)

<use  "images/msFusionDetectorArchi.jpg" >

LaTeX Warning: `!h' float specifier changed to `!ht'.

LaTeX Font Info:    Try loading font information for T1+lmtt on input line 29.
(/usr/share/texmf/tex/latex/lm/t1lmtt.fd
File: t1lmtt.fd 2009/10/30 v1.6 Font defs for Latin Modern
) [41

]
File: images/msFeatureFusionModule.jpg Graphic file (type QTm)

<use  "images/msFeatureFusionModule.jpg" > [42] [43]
File: images/anchors.jpg Graphic file (type QTm)

<use  "images/anchors.jpg" > [44] [45])) [46]
Chapter 10.
(./sections/9_previous.tex
LaTeX Font Info:    Try loading font information for OMS+lmr on input line 7.
 (/usr/share/texmf/tex/latex/lm/omslmr.fd
File: omslmr.fd 2009/10/30 v1.6 Font defs for Latin Modern
)
LaTeX Font Info:    Try loading font information for OMS+lmsy on input line 7.

(/usr/share/texmf/tex/latex/lm/omslmsy.fd
File: omslmsy.fd 2009/10/30 v1.6 Font defs for Latin Modern
)
LaTeX Font Info:    Font shape `OMS/lmr/m/n' in size <12> not available
(Font)              Font shape `OMS/lmsy/m/n' tried instead on input line 7.
Missing character: There is no  in font ec-lmr12!
Missing character: There is no  in font ec-lmr12!
Missing character: There is no  in font ec-lmr12!
Missing character: There is no  in font ec-lmr12!
Missing character: There is no  in font ec-lmr12!
Missing character: There is no  in font ec-lmr12!
File: images/AnomalieEx.jpg Graphic file (type QTm)
 <use  "images/AnomalieEx.jpg" >
File: images/FeatureEx.jpg Graphic file (type QTm)

<use  "images/FeatureEx.jpg" >
Overfull \hbox (2.61107pt too wide) in paragraph at lines 12--26
[]$[]$ $[]$ 
 []

[47

] [48] [49]
File: images/wodan.jpg Graphic file (type QTm)
 <use  "images/wodan.jpg" > [50] [51]
Overfull \hbox (7.37164pt too wide) in paragraph at lines 119--119
\T1/lmr/bx/n/17.28 Rank-ing for Large-Scale Ar-chae-o-log-i-cal Prospec-
 []

[52]

! Package glossaries-extra Error: Glossary entry `heritageQuest' has not been d
efined.

See the glossaries-extra package documentation for explanation.
Type  H <return>  for immediate help.
 ...                                              
                                                  
l.137 ...presented in section \gls{heritageQuest}.
                                                   While WODAN obtain better...

You need to define a glossary entry before you can reference it.


Overfull \hbox (92.25937pt too wide) in paragraph at lines 140--151
 [][] 
 []

) [53]
Chapter 11.
(./sections/10_1_yolo.tex
File: images/yoloGrid.jpg Graphic file (type QTm)
 <use  "images/yoloGrid.jpg" >

LaTeX Warning: `!h' float specifier changed to `!ht'.

[54

]
File: images/yoloArchi.png Graphic file (type QTm)
 <use  "images/yoloArchi.png" >) (./sections/10_2_yolov4.tex [55]
File: images/archiYOLO.jpg Graphic file (type QTm)

<use  "images/archiYOLO.jpg" > [56]
Overfull \hbox (32.83556pt too wide) in paragraph at lines 25--26
[]\T1/lmr/bx/n/12 Path-aggregation blocks\T1/lmr/m/n/12 : FPN[[]59[]],NAS-FPN[[
]62[]] PAN[[]60[]], BiFPN[[]61[]], ASFF[[]69[]],
 []

File: images/dataAugmA.jpg Graphic file (type QTm)
<use  "images/dataAugmA.jpg" >
File: images/dataAugmB.jpg Graphic file (type QTm)
 <use  "images/dataAugmB.jpg" >
File: images/dataAugmC.jpg Graphic file (type QTm)

<use  "images/dataAugmC.jpg" > [57] [58]
File: images/mosaic.jpg Graphic file (type QTm)
 <use  "images/mosaic.jpg" > [59]
File: images/cmbn.jpg Graphic file (type QTm)

<use  "images/cmbn.jpg" >
File: images/sam.jpg Graphic file (type QTm)
 <use  "images/sam.jpg" >
File: images/samMod.jpg Graphic file (type QTm)
 <use  "images/samMod.jpg" >
[60]
File: images/pan.jpg Graphic file (type QTm)
 <use  "images/pan.jpg" >
File: images/panMod.jpg Graphic file (type QTm)
 <use  "images/panMod.jpg" > [61]
Overfull \hbox (5.17175pt too wide) in paragraph at lines 179--193
 [][] 
 []


Overfull \hbox (5.17175pt too wide) in paragraph at lines 199--206
 [][] 
 []

[62]

LaTeX Warning: No positions in optional float specifier.
               Default added (so using `tbp') on input line 231.

[63]) [64] [65] [66

]
Chapter 12.
(./sections/11_ds.tex
File: images/createAnnotationDiagram.png Graphic file (type QTm)
 <use  "images/createAnnotationDiagram.png" >

LaTeX Warning: `!h' float specifier changed to `!ht'.

[67

] [68]) [69]
Chapter 13.
(./sections/12_archi.tex
File: images/darknet53Archi.png Graphic file (type QTm)
 <use  "images/darknet53Archi.png" > [70

]

Package caption Warning: The option `hypcap=true' will be ignored for this
(caption)                particular \caption on input line 43.
See the caption package documentation for explanation.

! Extra }, or forgotten \endgroup.
\@endfloatbox ...pagefalse \outer@nobreak \egroup 
                                                  \color@endbox 
l.45 \end{figure}
                 
I've deleted a group-closing symbol because it seems to be
spurious, as in `$x}$'. But perhaps the } is legitimate and
you forgot something else, as in `\hbox{$x}'. In such cases
the way to recover is to insert both the forgotten and the
deleted material, e.g., by typing `I$}'.

[71] [72] [73]
File: images/msFusionDetectorArchi.jpg Graphic file (type QTm)
 <use  "images/msFusionDetectorArchi.jpg" >
File: images/ODRSIArchi.jpg Graphic file (type QTm)

<use  "images/ODRSIArchi.jpg" > [74]
File: images/pan.jpg Graphic file (type QTm)
 <use  "images/pan.jpg" >
File: images/panMod.jpg Graphic file (type QTm)

<use  "images/panMod.jpg" >
File: images/archiDilConv.png Graphic file (type QTm)
 <use  "images/archiDilConv.png" > [75]
File: images/sam.jpg Graphic file (type QTm)

<use  "images/sam.jpg" >
File: images/samMod.jpg Graphic file (type QTm)
 <use  "images/samMod.jpg" > [76]) [77]
Chapter 14.
(./sections/13_1_dataAugm.tex [78

]
File: images/dogDropBlock.jpg Graphic file (type QTm)
 <use  "images/dogDropBlock.jpg" >
File: images/randomDrop.jpg Graphic file (type QTm)

<use  "images/randomDrop.jpg" >
File: images/dropBlock.jpg Graphic file (type QTm)
 <use  "images/dropBlock.jpg" > [79])
(./sections/13_2_train.tex
File: images/overlappingBox.jpg Graphic file (type QTm)
 <use  "images/overlappingBox.jpg" >
File: images/nonoverlappingBox.jpg Graphic file (type QTm)

<use  "images/nonoverlappingBox.jpg" >
Overfull \hbox (2.61107pt too wide) in paragraph at lines 21--33
[]$[]$ $[]$ 
 []


LaTeX Warning: `!h' float specifier changed to `!ht'.

[80] [81]
File: images/noLossA.jpg Graphic file (type QTm)
 <use  "images/noLossA.jpg" >
File: images/noLossB.jpg Graphic file (type QTm)
 <use  "images/noLossB.jpg" >
File: images/noLossC.jpg Graphic file (type QTm)

<use  "images/noLossC.jpg" >
File: images/noLossD.jpg Graphic file (type QTm)
 <use  "images/noLossD.jpg" >
Underfull \hbox (badness 10000) in paragraph at lines 103--103
[]\T1/lmr/m/n/10.95 (d) |CIFAR-10 with
 []

[82]) [83]
Chapter 15.
(./sections/14_results.tex

LaTeX Warning: `h' float specifier changed to `ht'.


Overfull \hbox (94.90105pt too wide) in paragraph at lines 28--36
 [][] 
 []


LaTeX Warning: `h' float specifier changed to `ht'.


Overfull \hbox (26.37448pt too wide) in paragraph at lines 44--52
 [][] 
 []


LaTeX Warning: `h' float specifier changed to `ht'.

[84

]
File: images/chart_yolov4-custom-CV2.png Graphic file (type QTm)
 <use  "images/chart_yolov4-custom-CV2.png" > [85] [86]
File: images/dependenciesFull.png Graphic file (type QTm)

<use  "images/dependenciesFull.png" >
File: images/detectionsExample1.png Graphic file (type QTm)
 <use  "images/detectionsExample1.png" >
File: images/detectionsExample2.png Graphic file (type QTm)

<use  "images/detectionsExample2.png" >
File: images/detectionsExample3.png Graphic file (type QTm)

<use  "images/detectionsExample3.png" >
File: images/detectionsExample4.png Graphic file (type QTm)

<use  "images/detectionsExample4.png" >) [87] [88] [89] [90]
Chapter 16.
(./sections/15_discussion.tex
File: images/wrongBarrow.png Graphic file (type QTm)
 <use  "images/wrongBarrow.png" >) [91

] [92]
[93

]
Chapter 17.
(./sections/16_upgrades.tex
File: images/semantic-segmentation.png Graphic file (type QTm)
 <use  "images/semantic-segmentation.png" > [94

])
[95]
Chapter 18.
(./sections/17_conclusion.tex [96

]) [97] (./sections/annexe.tex) [98

]
(build/main.acr [99


]) [100] (build/main.gls) [101


]
Overfull \hbox (8.92204pt too wide) in paragraph at lines 167--167
\T1/lmr/m/n/12 ti-mal Speed and Ac-cu-racy of Ob-ject De-tec-tion''. In: \T1/lm
r/m/it/12 arXiv e-prints\T1/lmr/m/n/12 , arXiv:2004.10934
 []

Missing character: There is no  in font ec-lmr12!

Overfull \hbox (23.27126pt too wide) in paragraph at lines 167--167
\T1/lmr/m/it/12 Land-scape through-out the 3rd and 2nd Mil-len-nium BC\T1/lmr/m
/n/12 . Jan. 2013. \T1/lmr/m/sc/12 isbn\T1/lmr/m/n/12 : 9789088901041. 
 []

[102

]
Overfull \hbox (19.14818pt too wide) in paragraph at lines 167--167
[]\T1/lmr/m/n/12 Wikimedia Com-mons. \T1/lmr/m/it/12 Pre-ci-sion and re-call\T1
/lmr/m/n/12 . 2014. \T1/lmr/m/sc/12 url\T1/lmr/m/n/12 : []$\T1/lmtt/m/n/12 http
s : / / commons . wikimedia .
 []


Overfull \hbox (12.47978pt too wide) in paragraph at lines 167--167
\T1/lmr/m/n/12 Box Re-gres-sion''. In: \T1/lmr/m/it/12 arXiv e-prints\T1/lmr/m/
n/12 , arXiv:1911.08287 (Nov. 2019), arXiv:1911.08287.
 []

! Misplaced alignment tab character &.
<argument> ...r to ROC, Informedness, Markedness &
                                                   Correlation
l.167 \printbibliography[heading=bibintoc]
                                          
I can't figure out why you would want to use a tab mark
here. If you just want an ampersand, the remedy is
simple: Just type `I\&' now. But if some right brace
up above has ended a previous alignment prematurely,
you're probably due for more error messages, and you
might try typing `S' now just to see what is salvageable.

[103]
Missing character: There is no  in font ec-lmr12!
 [104]
Overfull \hbox (7.80882pt too wide) in paragraph at lines 167--167
[]\T1/lmr/m/n/12 J. Deng et al. ``Im-a-geNet: A Large-Scale Hi-er-ar-chi-cal Im
-age Database''. In: \T1/lmr/m/it/12 CVPR09\T1/lmr/m/n/12 .
 []


Overfull \hbox (18.52873pt too wide) in paragraph at lines 167--167
[]\T1/lmr/m/n/12 Tsung-Yi Lin et al. ``Fo-cal Loss for Dense Ob-ject De-tec-tio
n''. In: \T1/lmr/m/it/12 CoRR \T1/lmr/m/n/12 abs/1708.02002
 []

Missing character: There is no  in font ec-lmr12!
[105]
Overfull \hbox (15.28273pt too wide) in paragraph at lines 167--167
\T1/lmr/m/n/12 pa-bil-ity of CNN''. In: \T1/lmr/m/it/12 arXiv e-prints\T1/lmr/m
/n/12 , arXiv:1911.11929 (Nov. 2019), arXiv:1911.11929.
 []


Overfull \hbox (48.09096pt too wide) in paragraph at lines 167--167
\T1/lmr/m/n/12 Shot Ob-ject De-tec-tion''. In: \T1/lmr/m/it/12 arXiv e-prints\T
1/lmr/m/n/12 , arXiv:1911.09516 (Nov. 2019), arXiv:1911.09516.
 []

[106]
Overfull \hbox (9.20122pt too wide) in paragraph at lines 167--167
[]\T1/lmr/m/n/12 Zhun Zhong et al. ``Ran-dom Eras-ing Data Aug-men-ta-tion''. I
n: \T1/lmr/m/it/12 CoRR \T1/lmr/m/n/12 abs/1708.04896
 []


Overfull \hbox (51.65489pt too wide) in paragraph at lines 167--167
[]\T1/lmr/m/n/12 Pengguang Chen et al. ``Grid-Mask Data Aug-men-ta-tion''. In: 
\T1/lmr/m/it/12 arXiv e-prints\T1/lmr/m/n/12 , arXiv:2001.04086
 []


Package biblatex Warning: Month out of range
(biblatex)                at entry 'dropConnect' on input line 167.


Overfull \hbox (16.32025pt too wide) in paragraph at lines 167--167
\T1/lmr/m/it/12 prints\T1/lmr/m/n/12 , arXiv:1909.01056 (Sept. 2019), arXiv:190
9.01056. arXiv: []$\T1/lmtt/m/n/12 1909 . 01056$ [cs.CV][]\T1/lmr/m/n/12 . 
 []

[107]
Overfull \hbox (18.89381pt too wide) in paragraph at lines 167--167
\T1/lmr/m/n/12 based Ob-ject De-tec-tors with On-line Hard Ex-am-ple Min-ing''.
 In: \T1/lmr/m/it/12 CoRR \T1/lmr/m/n/12 abs/1604.03540
 []


Overfull \hbox (3.62521pt too wide) in paragraph at lines 167--167
[]\T1/lmr/m/n/12 Bharath Har-i-ha-ran et al. ``Hy-per-columns for Ob-ject Seg-m
en-ta-tion and Fine-grained
 []


Overfull \hbox (27.71368pt too wide) in paragraph at lines 167--167
[]\T1/lmr/m/n/12 Gnter Klam-bauer et al. ``Self-Normalizing Neu-ral Net-works'
'. In: \T1/lmr/m/it/12 CoRR \T1/lmr/m/n/12 abs/1706.02515
 []

[108]
Overfull \hbox (1.2371pt too wide) in paragraph at lines 167--167
[]\T1/lmr/m/n/12 Yann Le-Cun and Corinna Cortes. ``MNIST hand-writ-ten digit da
tabase''. In: (2010).
 []


Overfull \hbox (10.56883pt too wide) in paragraph at lines 167--167
\T1/lmr/m/n/12 Dataset for Bench-mark-ing Ma-chine Learn-ing Al-go-rithms''. In
: \T1/lmr/m/it/12 CoRR \T1/lmr/m/n/12 abs/1708.07747
 []

[109
runsystem(makeindex -s main.ist -t main.glg -o main.gls main.glo)...executed sa
fely (allowed).

runsystem(makeindex -s main.ist -t main.alg -o main.acr main.acn)...executed sa
fely (allowed).

]
Package atveryend Info: Empty hook `BeforeClearDocument' on input line 168.
Package atveryend Info: Empty hook `AfterLastShipout' on input line 168.
 (build/main.aux)
Package atveryend Info: Empty hook `AtVeryEndDocument' on input line 168.
Package atveryend Info: Empty hook `AtEndAfterFileList' on input line 168.


LaTeX Warning: There were multiply-defined labels.

Package logreq Info: Writing requests to 'main.run.xml'.
\openout1 = `main.run.xml'.

 ) 
Here is how much of TeX's memory you used:
 45187 strings out of 493068
 963122 string characters out of 6137719
 1529071 words of memory out of 5000000
 48293 multiletter control sequences out of 15000+600000
 61562 words of font info for 66 fonts, out of 8000000 for 9000
 1347 hyphenation exceptions out of 8191
 72i,18n,107p,1951b,4591s stack positions out of 5000i,500n,10000p,200000b,80000s

Output written on build/main.pdf (110 pages).
