\BOOKMARK [0][-]{chapter.1}{Foreword}{}% 1
\BOOKMARK [0][-]{chapter.2}{Executive\040Summary}{}% 2
\BOOKMARK [0][-]{chapter.3}{Introduction}{}% 3
\BOOKMARK [-1][-]{part.1}{I\040Context}{}% 4
\BOOKMARK [0][-]{chapter.4}{Organisation\040&\040Managerial\040Conditions}{part.1}% 5
\BOOKMARK [0][-]{chapter.5}{Sustainability\040&\040Social\040Responsability}{part.1}% 6
\BOOKMARK [-1][-]{part.2}{II\040Preliminaries}{}% 7
\BOOKMARK [0][-]{chapter.6}{Elementary\040concepts}{part.2}% 8
\BOOKMARK [1][-]{section.6.1}{LiDAR}{chapter.6}% 9
\BOOKMARK [1][-]{section.6.2}{Archaeological\040Structures}{chapter.6}% 10
\BOOKMARK [1][-]{section.6.3}{Deep\040Learning}{chapter.6}% 11
\BOOKMARK [0][-]{chapter.7}{Metrics}{part.2}% 12
\BOOKMARK [1][-]{section.7.1}{Type\040of\040Errors}{chapter.7}% 13
\BOOKMARK [1][-]{section.7.2}{Precision\040and\040Recall}{chapter.7}% 14
\BOOKMARK [1][-]{section.7.3}{Intersection\040over\040Union\040\(IoU\)}{chapter.7}% 15
\BOOKMARK [1][-]{section.7.4}{F1-Score,\040Average\040Precision\040and\040Mean\040Average\040Precision\040\(mAP\)}{chapter.7}% 16
\BOOKMARK [1][-]{section.7.5}{Confusion\040Matrices}{chapter.7}% 17
\BOOKMARK [1][-]{section.7.6}{Matthews\040Correlation\040Coefficient}{chapter.7}% 18
\BOOKMARK [1][-]{section.7.7}{Evaluating\040a\040model}{chapter.7}% 19
\BOOKMARK [0][-]{chapter.8}{Challenges}{part.2}% 20
\BOOKMARK [1][-]{section.8.1}{Differences\040between\040natural\040images\040and\040remote\040sensing\040surveys}{chapter.8}% 21
\BOOKMARK [1][-]{section.8.2}{Occlusion\040and\040Vegetation}{chapter.8}% 22
\BOOKMARK [1][-]{section.8.3}{Issues\040with\040detection\040in\040remote\040sensing\040surveys}{chapter.8}% 23
\BOOKMARK [1][-]{section.8.4}{Dataset}{chapter.8}% 24
\BOOKMARK [0][-]{chapter.9}{State\040of\040the\040Art}{part.2}% 25
\BOOKMARK [1][-]{section.9.1}{You\040Only\040Look\040Twiceyolt}{chapter.9}% 26
\BOOKMARK [2][-]{subsection.9.1.1}{Network\040Architecture}{section.9.1}% 27
\BOOKMARK [2][-]{subsection.9.1.2}{Scale\040Mitigation}{section.9.1}% 28
\BOOKMARK [2][-]{subsection.9.1.3}{Training}{section.9.1}% 29
\BOOKMARK [2][-]{subsection.9.1.4}{Results}{section.9.1}% 30
\BOOKMARK [1][-]{section.9.2}{A\040Simple\040and\040Efficient\040Network\040for\040Small\040Target\040Detectionsen}{chapter.9}% 31
\BOOKMARK [2][-]{subsection.9.2.1}{Proposed\040Modules}{section.9.2}% 32
\BOOKMARK [2][-]{subsection.9.2.2}{General\040Architecture}{section.9.2}% 33
\BOOKMARK [2][-]{subsection.9.2.3}{Results}{section.9.2}% 34
\BOOKMARK [1][-]{section.9.3}{Object\040Detection\040in\040Remote\040Sensing\040Images\040Based\040on\040Improved\040Bounding\040Box\040Regression\040and\040Multi-Level\040Features\040FusionqianAl}{chapter.9}% 35
\BOOKMARK [2][-]{subsection.9.3.1}{Architecture}{section.9.3}% 36
\BOOKMARK [2][-]{subsection.9.3.2}{Generalized\040Intersection\040over\040Union}{section.9.3}% 37
\BOOKMARK [2][-]{subsection.9.3.3}{Bounding\040Box\040Regression\040based\040on\040Improved\040GIoU\040Loss\040\(IGIoU\)}{section.9.3}% 38
\BOOKMARK [2][-]{subsection.9.3.4}{Results}{section.9.3}% 39
\BOOKMARK [1][-]{section.9.4}{A\040Single\040Shot\040Framework\040with\040Multi-Scale\040Feature\040Fusion\040for\040Geospatial\040Object\040Detectionzhuang2019}{chapter.9}% 40
\BOOKMARK [2][-]{subsection.9.4.1}{Architecture}{section.9.4}% 41
\BOOKMARK [2][-]{subsection.9.4.2}{Results}{section.9.4}% 42
\BOOKMARK [0][-]{chapter.10}{State\040of\040the\040Art}{part.2}% 43
\BOOKMARK [1][-]{section.10.1}{Automatic\040Detection\040in\040Magnetostatic\040Surveys\040using\040Convolutional\040Neural\040Networks}{chapter.10}% 44
\BOOKMARK [2][-]{subsection.10.1.1}{Dataset}{section.10.1}% 45
\BOOKMARK [2][-]{subsection.10.1.2}{Models}{section.10.1}% 46
\BOOKMARK [2][-]{subsection.10.1.3}{Results}{section.10.1}% 47
\BOOKMARK [1][-]{section.10.2}{Learning\040To\040Look\040At\040LiDAR}{chapter.10}% 48
\BOOKMARK [2][-]{subsection.10.2.1}{Dataset\040and\040WODAN}{section.10.2}% 49
\BOOKMARK [2][-]{subsection.10.2.2}{Model}{section.10.2}% 50
\BOOKMARK [2][-]{subsection.10.2.3}{Results}{section.10.2}% 51
\BOOKMARK [1][-]{section.10.3}{Integrating\040Remote\040Sensing,\040Machine\040Learning,\040and\040Citizen\040Science\040in\040Dutch\040Archaeological\040Prospection}{chapter.10}% 52
\BOOKMARK [2][-]{subsection.10.3.1}{Dataset\040and\040Citizen\040Science}{section.10.3}% 53
\BOOKMARK [2][-]{subsection.10.3.2}{Validation}{section.10.3}% 54
\BOOKMARK [2][-]{subsection.10.3.3}{Implementation}{section.10.3}% 55
\BOOKMARK [1][-]{section.10.4}{Combining\040Deep\040Learning\040and\040Location-Based\040Ranking\040for\040Large-Scale\040Archaeological\040Prospection\040of\040LiDAR\040Data\040from\040The\040Netherlands}{chapter.10}% 56
\BOOKMARK [2][-]{subsection.10.4.1}{Dataset}{section.10.4}% 57
\BOOKMARK [2][-]{subsection.10.4.2}{Model\040and\040Training}{section.10.4}% 58
\BOOKMARK [2][-]{subsection.10.4.3}{Location\040Based\040Ranking}{section.10.4}% 59
\BOOKMARK [2][-]{subsection.10.4.4}{Results}{section.10.4}% 60
\BOOKMARK [0][-]{chapter.11}{The\040YOLO\040Framework}{part.2}% 61
\BOOKMARK [1][-]{section.11.1}{General\040Principle}{chapter.11}% 62
\BOOKMARK [1][-]{section.11.2}{Network\040design\040and\040Architecture}{chapter.11}% 63
\BOOKMARK [1][-]{section.11.3}{YOLOv4}{chapter.11}% 64
\BOOKMARK [2][-]{subsection.11.3.1}{General\040Architecture\040of\040a\040Object\040Detector}{section.11.3}% 65
\BOOKMARK [2][-]{subsection.11.3.2}{Bag\040of\040Freebies}{section.11.3}% 66
\BOOKMARK [2][-]{subsection.11.3.3}{Bag\040Of\040Specials}{section.11.3}% 67
\BOOKMARK [2][-]{subsection.11.3.4}{Additional\040Improvements}{section.11.3}% 68
\BOOKMARK [2][-]{subsection.11.3.5}{YOLOv4\040Architecture}{section.11.3}% 69
\BOOKMARK [2][-]{subsection.11.3.6}{Results}{section.11.3}% 70
\BOOKMARK [2][-]{subsection.11.3.7}{Influence\040of\040different\040backbones\040and\040pre-trained\040weights\040on\040the\040detector}{section.11.3}% 71
\BOOKMARK [-1][-]{part.3}{III\040Implementation\040and\040Results}{}% 72
\BOOKMARK [0][-]{chapter.12}{Dataset}{part.3}% 73
\BOOKMARK [1][-]{section.12.1}{Dataset\040creation}{chapter.12}% 74
\BOOKMARK [2][-]{subsection.12.1.1}{Cropping\040Images}{section.12.1}% 75
\BOOKMARK [2][-]{subsection.12.1.2}{Annotations}{section.12.1}% 76
\BOOKMARK [0][-]{chapter.13}{Architecture}{part.3}% 77
\BOOKMARK [1][-]{section.13.1}{Feature\040Fusion}{chapter.13}% 78
\BOOKMARK [1][-]{section.13.2}{Backbone\040and\040activation}{chapter.13}% 79
\BOOKMARK [1][-]{section.13.3}{Activation\040Functions}{chapter.13}% 80
\BOOKMARK [2][-]{subsection.13.3.1}{Scaled\040Exponential\040Linear\040Unit}{section.13.3}% 81
\BOOKMARK [2][-]{subsection.13.3.2}{Swish}{section.13.3}% 82
\BOOKMARK [2][-]{subsection.13.3.3}{Mish}{section.13.3}% 83
\BOOKMARK [1][-]{section.13.4}{Dual\040Scale\040Detectors}{chapter.13}% 84
\BOOKMARK [1][-]{section.13.5}{Multi-scale\040Feature\040Fusion}{chapter.13}% 85
\BOOKMARK [1][-]{section.13.6}{Receptive\040Field\040Improvements}{chapter.13}% 86
\BOOKMARK [1][-]{section.13.7}{Attention\040Modules}{chapter.13}% 87
\BOOKMARK [1][-]{section.13.8}{Post-processing}{chapter.13}% 88
\BOOKMARK [1][-]{section.13.9}{List\040of\040all\040the\040possible\040testing\040arrangements}{chapter.13}% 89
\BOOKMARK [1][-]{section.13.10}{YOLOv4}{chapter.13}% 90
\BOOKMARK [0][-]{chapter.14}{Training}{part.3}% 91
\BOOKMARK [1][-]{section.14.1}{Data\040Augmentations}{chapter.14}% 92
\BOOKMARK [2][-]{subsection.14.1.1}{Image\040Modification}{section.14.1}% 93
\BOOKMARK [2][-]{subsection.14.1.2}{Regularization\040and\040Normalization}{section.14.1}% 94
\BOOKMARK [1][-]{section.14.2}{Self\040Adversarial\040Training}{chapter.14}% 95
\BOOKMARK [2][-]{subsection.14.2.1}{Modifications\040on\040the\040original\040dataset}{section.14.2}% 96
\BOOKMARK [1][-]{section.14.3}{Loss\040Systems}{chapter.14}% 97
\BOOKMARK [2][-]{subsection.14.3.1}{GIoU,\040DIoU\040and\040CIoU}{section.14.3}% 98
\BOOKMARK [2][-]{subsection.14.3.2}{Loss\040flooding}{section.14.3}% 99
\BOOKMARK [1][-]{section.14.4}{Training\040methodology}{chapter.14}% 100
\BOOKMARK [0][-]{chapter.15}{Results}{part.3}% 101
\BOOKMARK [1][-]{section.15.1}{Performance\040statistics}{chapter.15}% 102
\BOOKMARK [2][-]{subsection.15.1.1}{Model\040modifications}{section.15.1}% 103
\BOOKMARK [2][-]{subsection.15.1.2}{Impact\040of\040anchors\040on\040performance}{section.15.1}% 104
\BOOKMARK [1][-]{section.15.2}{Detection\040on\040sample\040images}{chapter.15}% 105
\BOOKMARK [1][-]{section.15.3}{Integration\040into\040a\040GIS}{chapter.15}% 106
\BOOKMARK [0][-]{chapter.16}{Discussion}{part.3}% 107
\BOOKMARK [-1][-]{part.4}{IV\040Conclusions}{}% 108
\BOOKMARK [0][-]{chapter.17}{Further\040Improvements}{part.4}% 109
\BOOKMARK [1][-]{section.17.1}{Multi\040data\040inference}{chapter.17}% 110
\BOOKMARK [1][-]{section.17.2}{Semantic\040Segmentation}{chapter.17}% 111
\BOOKMARK [0][-]{chapter.18}{Conclusion}{part.4}% 112
\BOOKMARK [0][-]{section*.80}{Acronymes}{part.4}% 113
\BOOKMARK [0][-]{section*.82}{Glossary}{part.4}% 114
\BOOKMARK [0][-]{chapter*.84}{Bibliography}{part.4}% 115
