\BOOKMARK [1][-]{section.1}{Introduction}{}% 1
\BOOKMARK [2][-]{subsection.1.1}{Issues\040in\040Automated\040Detection\040in\040Remote\040Sensing\040Imagery}{section.1}% 2
\BOOKMARK [1][-]{section.2}{You\040Only\040Look\040Twiceyolt}{}% 3
\BOOKMARK [2][-]{subsection.2.1}{Network\040Architecture}{section.2}% 4
\BOOKMARK [3][-]{subsubsection.2.1.1}{Scale\040Mitigation}{subsection.2.1}% 5
\BOOKMARK [2][-]{subsection.2.2}{Training}{section.2}% 6
\BOOKMARK [3][-]{subsubsection.2.2.1}{Data\040and\040Preprocessing}{subsection.2.2}% 7
\BOOKMARK [3][-]{subsubsection.2.2.2}{Training\040Hyperparameters}{subsection.2.2}% 8
\BOOKMARK [2][-]{subsection.2.3}{Results}{section.2}% 9
\BOOKMARK [1][-]{section.3}{Satellite\040Imagery\040Multiscale\040Rapid\040Detection\040with\040Windowed\040NetworksEtten2019}{}% 10
\BOOKMARK [2][-]{subsection.3.1}{Network\040Architecture\040and\040Training\040Method}{section.3}% 11
\BOOKMARK [3][-]{subsubsection.3.1.1}{YOLO}{subsection.3.1}% 12
\BOOKMARK [3][-]{subsubsection.3.1.2}{YOLT}{subsection.3.1}% 13
\BOOKMARK [3][-]{subsubsection.3.1.3}{SSD}{subsection.3.1}% 14
\BOOKMARK [3][-]{subsubsection.3.1.4}{Faster-RCNN}{subsection.3.1}% 15
\BOOKMARK [3][-]{subsubsection.3.1.5}{R-FCN}{subsection.3.1}% 16
\BOOKMARK [2][-]{subsection.3.2}{Training\040and\040Testing\040Procedure}{section.3}% 17
\BOOKMARK [3][-]{subsubsection.3.2.1}{Data\040and\040Preprocessing}{subsection.3.2}% 18
\BOOKMARK [2][-]{subsection.3.3}{Results}{section.3}% 19
\BOOKMARK [1][-]{section.4}{A\040Simple\040and\040Efficient\040Network\040for\040Small\040Target\040Detectionsen}{}% 20
\BOOKMARK [2][-]{subsection.4.1}{Proposed\040Modules}{section.4}% 21
\BOOKMARK [3][-]{subsubsection.4.1.1}{Dilated\040Modules}{subsection.4.1}% 22
\BOOKMARK [3][-]{subsubsection.4.1.2}{Passthrough\040module}{subsection.4.1}% 23
\BOOKMARK [3][-]{subsubsection.4.1.3}{Feature\040Fusion}{subsection.4.1}% 24
\BOOKMARK [2][-]{subsection.4.2}{General\040Architecture}{section.4}% 25
\BOOKMARK [2][-]{subsection.4.3}{Results}{section.4}% 26
\BOOKMARK [1][-]{section.5}{Object\040Detection\040in\040Remote\040Sensing\040Images\040Based\040on\040Improved\040Bounding\040Box\040Regression\040and\040Multi-Level\040Features\040FusionqianAl}{}% 27
\BOOKMARK [2][-]{subsection.5.1}{Architecture}{section.5}% 28
\BOOKMARK [3][-]{subsubsection.5.1.1}{General\040Network\040Architecture}{subsection.5.1}% 29
\BOOKMARK [3][-]{subsubsection.5.1.2}{MLFF}{subsection.5.1}% 30
\BOOKMARK [2][-]{subsection.5.2}{Generalized\040Intersection\040over\040Union}{section.5}% 31
\BOOKMARK [2][-]{subsection.5.3}{Bounding\040Box\040Regression\040based\040on\040Improved\040GIoU\040Loss\040\(IGIoU\)}{section.5}% 32
\BOOKMARK [2][-]{subsection.5.4}{Results}{section.5}% 33
\BOOKMARK [1][-]{section.6}{A\040Single\040Shot\040Framework\040with\040Multi-Scale\040Feature\040Fusion\040for\040Geospatial\040Object\040Detectionzhuang2019}{}% 34
\BOOKMARK [2][-]{subsection.6.1}{Architecture}{section.6}% 35
\BOOKMARK [3][-]{subsubsection.6.1.1}{Base\040Feature\040Extractor}{subsection.6.1}% 36
\BOOKMARK [3][-]{subsubsection.6.1.2}{Multi-scale\040feature\040fusion\040detector}{subsection.6.1}% 37
\BOOKMARK [3][-]{subsubsection.6.1.3}{Multi-scale\040feature\040fusion\040module}{subsection.6.1}% 38
\BOOKMARK [3][-]{subsubsection.6.1.4}{Anchors\040and\040predictions}{subsection.6.1}% 39
\BOOKMARK [3][-]{subsubsection.6.1.5}{Loss\040Function}{subsection.6.1}% 40
\BOOKMARK [3][-]{subsubsection.6.1.6}{Soft\040Non-Maximum\040Suppression}{subsection.6.1}% 41
\BOOKMARK [2][-]{subsection.6.2}{Results}{section.6}% 42
\BOOKMARK [1][-]{section.7}{Conclusion}{}% 43
\BOOKMARK [1][-]{section.8}{Annexes}{}% 44
\BOOKMARK [2][-]{subsection.8.1}{YOLOv4}{section.8}% 45
\BOOKMARK [2][-]{subsection.8.2}{General\040Architecture\040of\040a\040Object\040Detector}{section.8}% 46
\BOOKMARK [2][-]{subsection.8.3}{Bag\040of\040Freebies}{section.8}% 47
\BOOKMARK [2][-]{subsection.8.4}{Bag\040Of\040Specials}{section.8}% 48
\BOOKMARK [2][-]{subsection.8.5}{Additional\040Improvements}{section.8}% 49
\BOOKMARK [2][-]{subsection.8.6}{YOLOv4\040Architecture}{section.8}% 50
\BOOKMARK [2][-]{subsection.8.7}{Results}{section.8}% 51
\BOOKMARK [3][-]{subsubsection.8.7.1}{Influence\040of\040features\040on\040Classifier\040training}{subsection.8.7}% 52
\BOOKMARK [3][-]{subsubsection.8.7.2}{Influence\040of\040features\040on\040the\040Detector\040training}{subsection.8.7}% 53
\BOOKMARK [2][-]{subsection.8.8}{Influence\040of\040different\040backbones\040and\040pre-trained\040weights\040on\040the\040detector}{section.8}% 54
\BOOKMARK [3][-]{subsubsection.8.8.1}{Influence\040of\040mini-batch\040size\040on\040detector\040training}{subsection.8.8}% 55
\BOOKMARK [2][-]{subsection.8.9}{Tables}{section.8}% 56
\BOOKMARK [1][-]{section*.39}{References}{}% 57
